<?xml version="1.0" encoding="UTF-8"?>
<testsuite xmlns:xsi="http://www.w3.org/2001/XMLSchema-instance" xsi:noNamespaceSchemaLocation="https://maven.apache.org/surefire/maven-surefire-plugin/xsd/surefire-test-report.xsd" name="com.example.ApplicationTests" time="0.362" tests="1" errors="0" skipped="1" failures="0">
  <properties>
    <property name="awt.toolkit" value="sun.awt.X11.XToolkit"/>
    <property name="file.encoding.pkg" value="sun.io"/>
    <property name="java.specification.version" value="1.8"/>
    <property name="sun.cpu.isalist" value=""/>
    <property name="sun.jnu.encoding" value="UTF-8"/>
    <property name="SONATYPE_PASSWORD" value="btStP/BHceYmyzbKDYklRLq4as0Nv1i7OcwCiJQY0w2X"/>
    <property name="java.class.path" value="/tmp/releaser77426136284171318/spring-cloud-gcp/spring-cloud-gcp-samples/spring-cloud-gcp-data-datastore-sample/target/test-classes:/tmp/releaser77426136284171318/spring-cloud-gcp/spring-cloud-gcp-samples/spring-cloud-gcp-data-datastore-sample/target/classes:/tmp/releaser77426136284171318/spring-cloud-gcp/spring-cloud-gcp-starters/spring-cloud-gcp-starter-data-datastore/target/spring-cloud-gcp-starter-data-datastore-1.1.0.BUILD-SNAPSHOT.jar:/tmp/releaser77426136284171318/spring-cloud-gcp/spring-cloud-gcp-starters/spring-cloud-gcp-starter/target/spring-cloud-gcp-starter-1.1.0.BUILD-SNAPSHOT.jar:/tmp/releaser77426136284171318/spring-cloud-gcp/spring-cloud-gcp-core/target/spring-cloud-gcp-core-1.1.0.BUILD-SNAPSHOT.jar:/home/jenkins/.m2/repository/com/google/cloud/google-cloud-core/1.54.0/google-cloud-core-1.54.0.jar:/home/jenkins/.m2/repository/com/google/guava/guava/26.0-android/guava-26.0-android.jar:/home/jenkins/.m2/repository/org/checkerframework/checker-compat-qual/2.5.2/checker-compat-qual-2.5.2.jar:/home/jenkins/.m2/repository/com/google/j2objc/j2objc-annotations/1.1/j2objc-annotations-1.1.jar:/home/jenkins/.m2/repository/joda-time/joda-time/2.10.1/joda-time-2.10.1.jar:/home/jenkins/.m2/repository/com/google/http-client/google-http-client/1.27.0/google-http-client-1.27.0.jar:/home/jenkins/.m2/repository/org/apache/httpcomponents/httpclient/4.5.6/httpclient-4.5.6.jar:/home/jenkins/.m2/repository/org/apache/httpcomponents/httpcore/4.4.10/httpcore-4.4.10.jar:/home/jenkins/.m2/repository/commons-codec/commons-codec/1.11/commons-codec-1.11.jar:/home/jenkins/.m2/repository/com/google/code/findbugs/jsr305/3.0.2/jsr305-3.0.2.jar:/home/jenkins/.m2/repository/com/google/api/api-common/1.7.0/api-common-1.7.0.jar:/home/jenkins/.m2/repository/com/google/api/gax/1.35.0/gax-1.35.0.jar:/home/jenkins/.m2/repository/org/threeten/threetenbp/1.3.3/threetenbp-1.3.3.jar:/home/jenkins/.m2/repository/com/google/protobuf/protobuf-java-util/3.6.1/protobuf-java-util-3.6.1.jar:/home/jenkins/.m2/repository/com/google/api/grpc/proto-google-common-protos/1.12.0/proto-google-common-protos-1.12.0.jar:/home/jenkins/.m2/repository/com/google/api/grpc/proto-google-iam-v1/0.12.0/proto-google-iam-v1-0.12.0.jar:/tmp/releaser77426136284171318/spring-cloud-gcp/spring-cloud-gcp-autoconfigure/target/spring-cloud-gcp-autoconfigure-1.1.0.BUILD-SNAPSHOT.jar:/tmp/releaser77426136284171318/spring-cloud-gcp/spring-cloud-gcp-data-datastore/target/spring-cloud-gcp-data-datastore-1.1.0.BUILD-SNAPSHOT.jar:/home/jenkins/.m2/repository/com/google/cloud/google-cloud-datastore/1.54.0/google-cloud-datastore-1.54.0.jar:/home/jenkins/.m2/repository/com/google/cloud/google-cloud-core-http/1.54.0/google-cloud-core-http-1.54.0.jar:/home/jenkins/.m2/repository/com/google/auth/google-auth-library-credentials/0.12.0/google-auth-library-credentials-0.12.0.jar:/home/jenkins/.m2/repository/com/google/auth/google-auth-library-oauth2-http/0.12.0/google-auth-library-oauth2-http-0.12.0.jar:/home/jenkins/.m2/repository/com/google/oauth-client/google-oauth-client/1.27.0/google-oauth-client-1.27.0.jar:/home/jenkins/.m2/repository/com/google/api-client/google-api-client/1.27.0/google-api-client-1.27.0.jar:/home/jenkins/.m2/repository/com/google/http-client/google-http-client-appengine/1.27.0/google-http-client-appengine-1.27.0.jar:/home/jenkins/.m2/repository/com/google/http-client/google-http-client-jackson2/1.27.0/google-http-client-jackson2-1.27.0.jar:/home/jenkins/.m2/repository/com/google/api/gax-httpjson/0.52.0/gax-httpjson-0.52.0.jar:/home/jenkins/.m2/repository/io/opencensus/opencensus-api/0.15.0/opencensus-api-0.15.0.jar:/home/jenkins/.m2/repository/io/opencensus/opencensus-contrib-http-util/0.15.0/opencensus-contrib-http-util-0.15.0.jar:/home/jenkins/.m2/repository/com/google/api/grpc/proto-google-cloud-datastore-v1/0.37.0/proto-google-cloud-datastore-v1-0.37.0.jar:/home/jenkins/.m2/repository/com/google/protobuf/protobuf-java/3.6.1/protobuf-java-3.6.1.jar:/home/jenkins/.m2/repository/com/google/cloud/datastore/datastore-v1-proto-client/1.6.0/datastore-v1-proto-client-1.6.0.jar:/home/jenkins/.m2/repository/com/google/http-client/google-http-client-protobuf/1.20.0/google-http-client-protobuf-1.20.0.jar:/home/jenkins/.m2/repository/com/google/http-client/google-http-client-jackson/1.20.0/google-http-client-jackson-1.20.0.jar:/home/jenkins/.m2/repository/org/codehaus/jackson/jackson-core-asl/1.9.11/jackson-core-asl-1.9.11.jar:/home/jenkins/.m2/repository/io/grpc/grpc-core/1.16.1/grpc-core-1.16.1.jar:/home/jenkins/.m2/repository/io/grpc/grpc-context/1.16.1/grpc-context-1.16.1.jar:/home/jenkins/.m2/repository/com/google/code/gson/gson/2.8.5/gson-2.8.5.jar:/home/jenkins/.m2/repository/com/google/errorprone/error_prone_annotations/2.2.0/error_prone_annotations-2.2.0.jar:/home/jenkins/.m2/repository/org/codehaus/mojo/animal-sniffer-annotations/1.17/animal-sniffer-annotations-1.17.jar:/home/jenkins/.m2/repository/io/opencensus/opencensus-contrib-grpc-metrics/0.12.3/opencensus-contrib-grpc-metrics-0.12.3.jar:/home/jenkins/.m2/repository/org/springframework/data/spring-data-commons/2.1.3.RELEASE/spring-data-commons-2.1.3.RELEASE.jar:/home/jenkins/.m2/repository/org/springframework/spring-beans/5.1.3.RELEASE/spring-beans-5.1.3.RELEASE.jar:/home/jenkins/.m2/repository/org/springframework/spring-context/5.1.3.RELEASE/spring-context-5.1.3.RELEASE.jar:/home/jenkins/.m2/repository/org/springframework/spring-aop/5.1.3.RELEASE/spring-aop-5.1.3.RELEASE.jar:/home/jenkins/.m2/repository/org/springframework/spring-expression/5.1.3.RELEASE/spring-expression-5.1.3.RELEASE.jar:/home/jenkins/.m2/repository/org/springframework/spring-tx/5.1.3.RELEASE/spring-tx-5.1.3.RELEASE.jar:/home/jenkins/.m2/repository/org/springframework/boot/spring-boot-starter-data-rest/2.1.1.RELEASE/spring-boot-starter-data-rest-2.1.1.RELEASE.jar:/home/jenkins/.m2/repository/org/springframework/boot/spring-boot-starter-web/2.1.1.RELEASE/spring-boot-starter-web-2.1.1.RELEASE.jar:/home/jenkins/.m2/repository/org/springframework/boot/spring-boot-starter-json/2.1.1.RELEASE/spring-boot-starter-json-2.1.1.RELEASE.jar:/home/jenkins/.m2/repository/com/fasterxml/jackson/datatype/jackson-datatype-jdk8/2.9.7/jackson-datatype-jdk8-2.9.7.jar:/home/jenkins/.m2/repository/com/fasterxml/jackson/datatype/jackson-datatype-jsr310/2.9.7/jackson-datatype-jsr310-2.9.7.jar:/home/jenkins/.m2/repository/com/fasterxml/jackson/module/jackson-module-parameter-names/2.9.7/jackson-module-parameter-names-2.9.7.jar:/home/jenkins/.m2/repository/org/springframework/boot/spring-boot-starter-tomcat/2.1.1.RELEASE/spring-boot-starter-tomcat-2.1.1.RELEASE.jar:/home/jenkins/.m2/repository/org/apache/tomcat/embed/tomcat-embed-core/9.0.13/tomcat-embed-core-9.0.13.jar:/home/jenkins/.m2/repository/org/apache/tomcat/embed/tomcat-embed-el/9.0.13/tomcat-embed-el-9.0.13.jar:/home/jenkins/.m2/repository/org/apache/tomcat/embed/tomcat-embed-websocket/9.0.13/tomcat-embed-websocket-9.0.13.jar:/home/jenkins/.m2/repository/org/hibernate/validator/hibernate-validator/6.0.13.Final/hibernate-validator-6.0.13.Final.jar:/home/jenkins/.m2/repository/javax/validation/validation-api/2.0.1.Final/validation-api-2.0.1.Final.jar:/home/jenkins/.m2/repository/org/jboss/logging/jboss-logging/3.3.2.Final/jboss-logging-3.3.2.Final.jar:/home/jenkins/.m2/repository/com/fasterxml/classmate/1.4.0/classmate-1.4.0.jar:/home/jenkins/.m2/repository/org/springframework/spring-web/5.1.3.RELEASE/spring-web-5.1.3.RELEASE.jar:/home/jenkins/.m2/repository/org/springframework/spring-webmvc/5.1.3.RELEASE/spring-webmvc-5.1.3.RELEASE.jar:/home/jenkins/.m2/repository/org/springframework/data/spring-data-rest-webmvc/3.1.3.RELEASE/spring-data-rest-webmvc-3.1.3.RELEASE.jar:/home/jenkins/.m2/repository/org/springframework/data/spring-data-rest-core/3.1.3.RELEASE/spring-data-rest-core-3.1.3.RELEASE.jar:/home/jenkins/.m2/repository/org/springframework/hateoas/spring-hateoas/0.25.0.RELEASE/spring-hateoas-0.25.0.RELEASE.jar:/home/jenkins/.m2/repository/org/springframework/plugin/spring-plugin-core/1.2.0.RELEASE/spring-plugin-core-1.2.0.RELEASE.jar:/home/jenkins/.m2/repository/org/atteo/evo-inflector/1.2.2/evo-inflector-1.2.2.jar:/home/jenkins/.m2/repository/com/fasterxml/jackson/core/jackson-databind/2.9.7/jackson-databind-2.9.7.jar:/home/jenkins/.m2/repository/com/fasterxml/jackson/core/jackson-core/2.9.7/jackson-core-2.9.7.jar:/home/jenkins/.m2/repository/com/fasterxml/jackson/core/jackson-annotations/2.9.0/jackson-annotations-2.9.0.jar:/home/jenkins/.m2/repository/commons-io/commons-io/2.5/commons-io-2.5.jar:/home/jenkins/.m2/repository/org/awaitility/awaitility/3.1.2/awaitility-3.1.2.jar:/home/jenkins/.m2/repository/org/hamcrest/hamcrest-library/1.3/hamcrest-library-1.3.jar:/home/jenkins/.m2/repository/org/hamcrest/hamcrest-core/1.3/hamcrest-core-1.3.jar:/home/jenkins/.m2/repository/org/objenesis/objenesis/2.6/objenesis-2.6.jar:/home/jenkins/.m2/repository/junit/junit/4.12/junit-4.12.jar:/home/jenkins/.m2/repository/org/slf4j/slf4j-api/1.7.25/slf4j-api-1.7.25.jar:/home/jenkins/.m2/repository/org/mockito/mockito-core/2.23.4/mockito-core-2.23.4.jar:/home/jenkins/.m2/repository/net/bytebuddy/byte-buddy/1.9.5/byte-buddy-1.9.5.jar:/home/jenkins/.m2/repository/net/bytebuddy/byte-buddy-agent/1.9.5/byte-buddy-agent-1.9.5.jar:/home/jenkins/.m2/repository/org/springframework/boot/spring-boot-starter-test/2.1.1.RELEASE/spring-boot-starter-test-2.1.1.RELEASE.jar:/home/jenkins/.m2/repository/org/springframework/boot/spring-boot-starter/2.1.1.RELEASE/spring-boot-starter-2.1.1.RELEASE.jar:/home/jenkins/.m2/repository/org/springframework/boot/spring-boot/2.1.1.RELEASE/spring-boot-2.1.1.RELEASE.jar:/home/jenkins/.m2/repository/org/springframework/boot/spring-boot-autoconfigure/2.1.1.RELEASE/spring-boot-autoconfigure-2.1.1.RELEASE.jar:/home/jenkins/.m2/repository/org/springframework/boot/spring-boot-starter-logging/2.1.1.RELEASE/spring-boot-starter-logging-2.1.1.RELEASE.jar:/home/jenkins/.m2/repository/ch/qos/logback/logback-classic/1.2.3/logback-classic-1.2.3.jar:/home/jenkins/.m2/repository/ch/qos/logback/logback-core/1.2.3/logback-core-1.2.3.jar:/home/jenkins/.m2/repository/org/apache/logging/log4j/log4j-to-slf4j/2.11.1/log4j-to-slf4j-2.11.1.jar:/home/jenkins/.m2/repository/org/apache/logging/log4j/log4j-api/2.11.1/log4j-api-2.11.1.jar:/home/jenkins/.m2/repository/org/slf4j/jul-to-slf4j/1.7.25/jul-to-slf4j-1.7.25.jar:/home/jenkins/.m2/repository/javax/annotation/javax.annotation-api/1.3.2/javax.annotation-api-1.3.2.jar:/home/jenkins/.m2/repository/org/yaml/snakeyaml/1.23/snakeyaml-1.23.jar:/home/jenkins/.m2/repository/org/springframework/boot/spring-boot-test/2.1.1.RELEASE/spring-boot-test-2.1.1.RELEASE.jar:/home/jenkins/.m2/repository/org/springframework/boot/spring-boot-test-autoconfigure/2.1.1.RELEASE/spring-boot-test-autoconfigure-2.1.1.RELEASE.jar:/home/jenkins/.m2/repository/com/jayway/jsonpath/json-path/2.4.0/json-path-2.4.0.jar:/home/jenkins/.m2/repository/net/minidev/json-smart/2.3/json-smart-2.3.jar:/home/jenkins/.m2/repository/net/minidev/accessors-smart/1.2/accessors-smart-1.2.jar:/home/jenkins/.m2/repository/org/ow2/asm/asm/5.0.4/asm-5.0.4.jar:/home/jenkins/.m2/repository/org/assertj/assertj-core/3.11.1/assertj-core-3.11.1.jar:/home/jenkins/.m2/repository/org/skyscreamer/jsonassert/1.5.0/jsonassert-1.5.0.jar:/home/jenkins/.m2/repository/com/vaadin/external/google/android-json/0.0.20131108.vaadin1/android-json-0.0.20131108.vaadin1.jar:/home/jenkins/.m2/repository/org/springframework/spring-core/5.1.3.RELEASE/spring-core-5.1.3.RELEASE.jar:/home/jenkins/.m2/repository/org/springframework/spring-jcl/5.1.3.RELEASE/spring-jcl-5.1.3.RELEASE.jar:/home/jenkins/.m2/repository/org/springframework/spring-test/5.1.3.RELEASE/spring-test-5.1.3.RELEASE.jar:/home/jenkins/.m2/repository/org/xmlunit/xmlunit-core/2.6.2/xmlunit-core-2.6.2.jar:"/>
    <property name="gpg.passphrase" value="$7KNH0E%m8SS5WIbd!4nGp4bx!zq*$QrSpdN1MAq86SE#NsP!9"/>
    <property name="java.vm.vendor" value="Oracle Corporation"/>
    <property name="sun.arch.data.model" value="64"/>
    <property name="java.vendor.url" value="http://java.oracle.com/"/>
    <property name="user.timezone" value=""/>
    <property name="java.vm.specification.version" value="1.8"/>
    <property name="os.name" value="Linux"/>
    <property name="user.country" value="US"/>
    <property name="sun.java.launcher" value="SUN_STANDARD"/>
    <property name="sun.boot.library.path" value="/opt/jenkins/data/tools/hudson.model.JDK/jdk8/jdk1.8.0_161/jre/lib/amd64"/>
    <property name="sun.java.command" value="/tmp/releaser77426136284171318/spring-cloud-gcp/spring-cloud-gcp-samples/spring-cloud-gcp-data-datastore-sample/target/surefire/surefirebooter5688453851285956087.jar /tmp/releaser77426136284171318/spring-cloud-gcp/spring-cloud-gcp-samples/spring-cloud-gcp-data-datastore-sample/target/surefire 2019-01-03T17-49-21_902-jvmRun1 surefire3713921282121690986tmp surefire_188866472753117271914tmp"/>
    <property name="surefire.test.class.path" value="/tmp/releaser77426136284171318/spring-cloud-gcp/spring-cloud-gcp-samples/spring-cloud-gcp-data-datastore-sample/target/test-classes:/tmp/releaser77426136284171318/spring-cloud-gcp/spring-cloud-gcp-samples/spring-cloud-gcp-data-datastore-sample/target/classes:/tmp/releaser77426136284171318/spring-cloud-gcp/spring-cloud-gcp-starters/spring-cloud-gcp-starter-data-datastore/target/spring-cloud-gcp-starter-data-datastore-1.1.0.BUILD-SNAPSHOT.jar:/tmp/releaser77426136284171318/spring-cloud-gcp/spring-cloud-gcp-starters/spring-cloud-gcp-starter/target/spring-cloud-gcp-starter-1.1.0.BUILD-SNAPSHOT.jar:/tmp/releaser77426136284171318/spring-cloud-gcp/spring-cloud-gcp-core/target/spring-cloud-gcp-core-1.1.0.BUILD-SNAPSHOT.jar:/home/jenkins/.m2/repository/com/google/cloud/google-cloud-core/1.54.0/google-cloud-core-1.54.0.jar:/home/jenkins/.m2/repository/com/google/guava/guava/26.0-android/guava-26.0-android.jar:/home/jenkins/.m2/repository/org/checkerframework/checker-compat-qual/2.5.2/checker-compat-qual-2.5.2.jar:/home/jenkins/.m2/repository/com/google/j2objc/j2objc-annotations/1.1/j2objc-annotations-1.1.jar:/home/jenkins/.m2/repository/joda-time/joda-time/2.10.1/joda-time-2.10.1.jar:/home/jenkins/.m2/repository/com/google/http-client/google-http-client/1.27.0/google-http-client-1.27.0.jar:/home/jenkins/.m2/repository/org/apache/httpcomponents/httpclient/4.5.6/httpclient-4.5.6.jar:/home/jenkins/.m2/repository/org/apache/httpcomponents/httpcore/4.4.10/httpcore-4.4.10.jar:/home/jenkins/.m2/repository/commons-codec/commons-codec/1.11/commons-codec-1.11.jar:/home/jenkins/.m2/repository/com/google/code/findbugs/jsr305/3.0.2/jsr305-3.0.2.jar:/home/jenkins/.m2/repository/com/google/api/api-common/1.7.0/api-common-1.7.0.jar:/home/jenkins/.m2/repository/com/google/api/gax/1.35.0/gax-1.35.0.jar:/home/jenkins/.m2/repository/org/threeten/threetenbp/1.3.3/threetenbp-1.3.3.jar:/home/jenkins/.m2/repository/com/google/protobuf/protobuf-java-util/3.6.1/protobuf-java-util-3.6.1.jar:/home/jenkins/.m2/repository/com/google/api/grpc/proto-google-common-protos/1.12.0/proto-google-common-protos-1.12.0.jar:/home/jenkins/.m2/repository/com/google/api/grpc/proto-google-iam-v1/0.12.0/proto-google-iam-v1-0.12.0.jar:/tmp/releaser77426136284171318/spring-cloud-gcp/spring-cloud-gcp-autoconfigure/target/spring-cloud-gcp-autoconfigure-1.1.0.BUILD-SNAPSHOT.jar:/tmp/releaser77426136284171318/spring-cloud-gcp/spring-cloud-gcp-data-datastore/target/spring-cloud-gcp-data-datastore-1.1.0.BUILD-SNAPSHOT.jar:/home/jenkins/.m2/repository/com/google/cloud/google-cloud-datastore/1.54.0/google-cloud-datastore-1.54.0.jar:/home/jenkins/.m2/repository/com/google/cloud/google-cloud-core-http/1.54.0/google-cloud-core-http-1.54.0.jar:/home/jenkins/.m2/repository/com/google/auth/google-auth-library-credentials/0.12.0/google-auth-library-credentials-0.12.0.jar:/home/jenkins/.m2/repository/com/google/auth/google-auth-library-oauth2-http/0.12.0/google-auth-library-oauth2-http-0.12.0.jar:/home/jenkins/.m2/repository/com/google/oauth-client/google-oauth-client/1.27.0/google-oauth-client-1.27.0.jar:/home/jenkins/.m2/repository/com/google/api-client/google-api-client/1.27.0/google-api-client-1.27.0.jar:/home/jenkins/.m2/repository/com/google/http-client/google-http-client-appengine/1.27.0/google-http-client-appengine-1.27.0.jar:/home/jenkins/.m2/repository/com/google/http-client/google-http-client-jackson2/1.27.0/google-http-client-jackson2-1.27.0.jar:/home/jenkins/.m2/repository/com/google/api/gax-httpjson/0.52.0/gax-httpjson-0.52.0.jar:/home/jenkins/.m2/repository/io/opencensus/opencensus-api/0.15.0/opencensus-api-0.15.0.jar:/home/jenkins/.m2/repository/io/opencensus/opencensus-contrib-http-util/0.15.0/opencensus-contrib-http-util-0.15.0.jar:/home/jenkins/.m2/repository/com/google/api/grpc/proto-google-cloud-datastore-v1/0.37.0/proto-google-cloud-datastore-v1-0.37.0.jar:/home/jenkins/.m2/repository/com/google/protobuf/protobuf-java/3.6.1/protobuf-java-3.6.1.jar:/home/jenkins/.m2/repository/com/google/cloud/datastore/datastore-v1-proto-client/1.6.0/datastore-v1-proto-client-1.6.0.jar:/home/jenkins/.m2/repository/com/google/http-client/google-http-client-protobuf/1.20.0/google-http-client-protobuf-1.20.0.jar:/home/jenkins/.m2/repository/com/google/http-client/google-http-client-jackson/1.20.0/google-http-client-jackson-1.20.0.jar:/home/jenkins/.m2/repository/org/codehaus/jackson/jackson-core-asl/1.9.11/jackson-core-asl-1.9.11.jar:/home/jenkins/.m2/repository/io/grpc/grpc-core/1.16.1/grpc-core-1.16.1.jar:/home/jenkins/.m2/repository/io/grpc/grpc-context/1.16.1/grpc-context-1.16.1.jar:/home/jenkins/.m2/repository/com/google/code/gson/gson/2.8.5/gson-2.8.5.jar:/home/jenkins/.m2/repository/com/google/errorprone/error_prone_annotations/2.2.0/error_prone_annotations-2.2.0.jar:/home/jenkins/.m2/repository/org/codehaus/mojo/animal-sniffer-annotations/1.17/animal-sniffer-annotations-1.17.jar:/home/jenkins/.m2/repository/io/opencensus/opencensus-contrib-grpc-metrics/0.12.3/opencensus-contrib-grpc-metrics-0.12.3.jar:/home/jenkins/.m2/repository/org/springframework/data/spring-data-commons/2.1.3.RELEASE/spring-data-commons-2.1.3.RELEASE.jar:/home/jenkins/.m2/repository/org/springframework/spring-beans/5.1.3.RELEASE/spring-beans-5.1.3.RELEASE.jar:/home/jenkins/.m2/repository/org/springframework/spring-context/5.1.3.RELEASE/spring-context-5.1.3.RELEASE.jar:/home/jenkins/.m2/repository/org/springframework/spring-aop/5.1.3.RELEASE/spring-aop-5.1.3.RELEASE.jar:/home/jenkins/.m2/repository/org/springframework/spring-expression/5.1.3.RELEASE/spring-expression-5.1.3.RELEASE.jar:/home/jenkins/.m2/repository/org/springframework/spring-tx/5.1.3.RELEASE/spring-tx-5.1.3.RELEASE.jar:/home/jenkins/.m2/repository/org/springframework/boot/spring-boot-starter-data-rest/2.1.1.RELEASE/spring-boot-starter-data-rest-2.1.1.RELEASE.jar:/home/jenkins/.m2/repository/org/springframework/boot/spring-boot-starter-web/2.1.1.RELEASE/spring-boot-starter-web-2.1.1.RELEASE.jar:/home/jenkins/.m2/repository/org/springframework/boot/spring-boot-starter-json/2.1.1.RELEASE/spring-boot-starter-json-2.1.1.RELEASE.jar:/home/jenkins/.m2/repository/com/fasterxml/jackson/datatype/jackson-datatype-jdk8/2.9.7/jackson-datatype-jdk8-2.9.7.jar:/home/jenkins/.m2/repository/com/fasterxml/jackson/datatype/jackson-datatype-jsr310/2.9.7/jackson-datatype-jsr310-2.9.7.jar:/home/jenkins/.m2/repository/com/fasterxml/jackson/module/jackson-module-parameter-names/2.9.7/jackson-module-parameter-names-2.9.7.jar:/home/jenkins/.m2/repository/org/springframework/boot/spring-boot-starter-tomcat/2.1.1.RELEASE/spring-boot-starter-tomcat-2.1.1.RELEASE.jar:/home/jenkins/.m2/repository/org/apache/tomcat/embed/tomcat-embed-core/9.0.13/tomcat-embed-core-9.0.13.jar:/home/jenkins/.m2/repository/org/apache/tomcat/embed/tomcat-embed-el/9.0.13/tomcat-embed-el-9.0.13.jar:/home/jenkins/.m2/repository/org/apache/tomcat/embed/tomcat-embed-websocket/9.0.13/tomcat-embed-websocket-9.0.13.jar:/home/jenkins/.m2/repository/org/hibernate/validator/hibernate-validator/6.0.13.Final/hibernate-validator-6.0.13.Final.jar:/home/jenkins/.m2/repository/javax/validation/validation-api/2.0.1.Final/validation-api-2.0.1.Final.jar:/home/jenkins/.m2/repository/org/jboss/logging/jboss-logging/3.3.2.Final/jboss-logging-3.3.2.Final.jar:/home/jenkins/.m2/repository/com/fasterxml/classmate/1.4.0/classmate-1.4.0.jar:/home/jenkins/.m2/repository/org/springframework/spring-web/5.1.3.RELEASE/spring-web-5.1.3.RELEASE.jar:/home/jenkins/.m2/repository/org/springframework/spring-webmvc/5.1.3.RELEASE/spring-webmvc-5.1.3.RELEASE.jar:/home/jenkins/.m2/repository/org/springframework/data/spring-data-rest-webmvc/3.1.3.RELEASE/spring-data-rest-webmvc-3.1.3.RELEASE.jar:/home/jenkins/.m2/repository/org/springframework/data/spring-data-rest-core/3.1.3.RELEASE/spring-data-rest-core-3.1.3.RELEASE.jar:/home/jenkins/.m2/repository/org/springframework/hateoas/spring-hateoas/0.25.0.RELEASE/spring-hateoas-0.25.0.RELEASE.jar:/home/jenkins/.m2/repository/org/springframework/plugin/spring-plugin-core/1.2.0.RELEASE/spring-plugin-core-1.2.0.RELEASE.jar:/home/jenkins/.m2/repository/org/atteo/evo-inflector/1.2.2/evo-inflector-1.2.2.jar:/home/jenkins/.m2/repository/com/fasterxml/jackson/core/jackson-databind/2.9.7/jackson-databind-2.9.7.jar:/home/jenkins/.m2/repository/com/fasterxml/jackson/core/jackson-core/2.9.7/jackson-core-2.9.7.jar:/home/jenkins/.m2/repository/com/fasterxml/jackson/core/jackson-annotations/2.9.0/jackson-annotations-2.9.0.jar:/home/jenkins/.m2/repository/commons-io/commons-io/2.5/commons-io-2.5.jar:/home/jenkins/.m2/repository/org/awaitility/awaitility/3.1.2/awaitility-3.1.2.jar:/home/jenkins/.m2/repository/org/hamcrest/hamcrest-library/1.3/hamcrest-library-1.3.jar:/home/jenkins/.m2/repository/org/hamcrest/hamcrest-core/1.3/hamcrest-core-1.3.jar:/home/jenkins/.m2/repository/org/objenesis/objenesis/2.6/objenesis-2.6.jar:/home/jenkins/.m2/repository/junit/junit/4.12/junit-4.12.jar:/home/jenkins/.m2/repository/org/slf4j/slf4j-api/1.7.25/slf4j-api-1.7.25.jar:/home/jenkins/.m2/repository/org/mockito/mockito-core/2.23.4/mockito-core-2.23.4.jar:/home/jenkins/.m2/repository/net/bytebuddy/byte-buddy/1.9.5/byte-buddy-1.9.5.jar:/home/jenkins/.m2/repository/net/bytebuddy/byte-buddy-agent/1.9.5/byte-buddy-agent-1.9.5.jar:/home/jenkins/.m2/repository/org/springframework/boot/spring-boot-starter-test/2.1.1.RELEASE/spring-boot-starter-test-2.1.1.RELEASE.jar:/home/jenkins/.m2/repository/org/springframework/boot/spring-boot-starter/2.1.1.RELEASE/spring-boot-starter-2.1.1.RELEASE.jar:/home/jenkins/.m2/repository/org/springframework/boot/spring-boot/2.1.1.RELEASE/spring-boot-2.1.1.RELEASE.jar:/home/jenkins/.m2/repository/org/springframework/boot/spring-boot-autoconfigure/2.1.1.RELEASE/spring-boot-autoconfigure-2.1.1.RELEASE.jar:/home/jenkins/.m2/repository/org/springframework/boot/spring-boot-starter-logging/2.1.1.RELEASE/spring-boot-starter-logging-2.1.1.RELEASE.jar:/home/jenkins/.m2/repository/ch/qos/logback/logback-classic/1.2.3/logback-classic-1.2.3.jar:/home/jenkins/.m2/repository/ch/qos/logback/logback-core/1.2.3/logback-core-1.2.3.jar:/home/jenkins/.m2/repository/org/apache/logging/log4j/log4j-to-slf4j/2.11.1/log4j-to-slf4j-2.11.1.jar:/home/jenkins/.m2/repository/org/apache/logging/log4j/log4j-api/2.11.1/log4j-api-2.11.1.jar:/home/jenkins/.m2/repository/org/slf4j/jul-to-slf4j/1.7.25/jul-to-slf4j-1.7.25.jar:/home/jenkins/.m2/repository/javax/annotation/javax.annotation-api/1.3.2/javax.annotation-api-1.3.2.jar:/home/jenkins/.m2/repository/org/yaml/snakeyaml/1.23/snakeyaml-1.23.jar:/home/jenkins/.m2/repository/org/springframework/boot/spring-boot-test/2.1.1.RELEASE/spring-boot-test-2.1.1.RELEASE.jar:/home/jenkins/.m2/repository/org/springframework/boot/spring-boot-test-autoconfigure/2.1.1.RELEASE/spring-boot-test-autoconfigure-2.1.1.RELEASE.jar:/home/jenkins/.m2/repository/com/jayway/jsonpath/json-path/2.4.0/json-path-2.4.0.jar:/home/jenkins/.m2/repository/net/minidev/json-smart/2.3/json-smart-2.3.jar:/home/jenkins/.m2/repository/net/minidev/accessors-smart/1.2/accessors-smart-1.2.jar:/home/jenkins/.m2/repository/org/ow2/asm/asm/5.0.4/asm-5.0.4.jar:/home/jenkins/.m2/repository/org/assertj/assertj-core/3.11.1/assertj-core-3.11.1.jar:/home/jenkins/.m2/repository/org/skyscreamer/jsonassert/1.5.0/jsonassert-1.5.0.jar:/home/jenkins/.m2/repository/com/vaadin/external/google/android-json/0.0.20131108.vaadin1/android-json-0.0.20131108.vaadin1.jar:/home/jenkins/.m2/repository/org/springframework/spring-core/5.1.3.RELEASE/spring-core-5.1.3.RELEASE.jar:/home/jenkins/.m2/repository/org/springframework/spring-jcl/5.1.3.RELEASE/spring-jcl-5.1.3.RELEASE.jar:/home/jenkins/.m2/repository/org/springframework/spring-test/5.1.3.RELEASE/spring-test-5.1.3.RELEASE.jar:/home/jenkins/.m2/repository/org/xmlunit/xmlunit-core/2.6.2/xmlunit-core-2.6.2.jar:"/>
    <property name="sun.cpu.endian" value="little"/>
    <property name="user.home" value="/home/jenkins"/>
    <property name="user.language" value="en"/>
    <property name="java.specification.vendor" value="Oracle Corporation"/>
    <property name="java.home" value="/opt/jenkins/data/tools/hudson.model.JDK/jdk8/jdk1.8.0_161/jre"/>
    <property name="basedir" value="/tmp/releaser77426136284171318/spring-cloud-gcp/spring-cloud-gcp-samples/spring-cloud-gcp-data-datastore-sample"/>
    <property name="file.separator" value="/"/>
    <property name="line.separator" value="&#10;"/>
    <property name="java.vm.specification.vendor" value="Oracle Corporation"/>
    <property name="java.specification.name" value="Java Platform API Specification"/>
    <property name="java.awt.graphicsenv" value="sun.awt.X11GraphicsEnvironment"/>
    <property name="surefire.real.class.path" value="/tmp/releaser77426136284171318/spring-cloud-gcp/spring-cloud-gcp-samples/spring-cloud-gcp-data-datastore-sample/target/surefire/surefirebooter5688453851285956087.jar"/>
    <property name="gpg.publicKeyring" value="/opt/jenkins/data/workspace/spring-cloud-meta-releaser@tmp/secretFiles/89735467-4c90-4ab1-8532-a71bc7ba3180/pubring.gpg"/>
    <property name="sun.boot.class.path" value="/opt/jenkins/data/tools/hudson.model.JDK/jdk8/jdk1.8.0_161/jre/lib/resources.jar:/opt/jenkins/data/tools/hudson.model.JDK/jdk8/jdk1.8.0_161/jre/lib/rt.jar:/opt/jenkins/data/tools/hudson.model.JDK/jdk8/jdk1.8.0_161/jre/lib/sunrsasign.jar:/opt/jenkins/data/tools/hudson.model.JDK/jdk8/jdk1.8.0_161/jre/lib/jsse.jar:/opt/jenkins/data/tools/hudson.model.JDK/jdk8/jdk1.8.0_161/jre/lib/jce.jar:/opt/jenkins/data/tools/hudson.model.JDK/jdk8/jdk1.8.0_161/jre/lib/charsets.jar:/opt/jenkins/data/tools/hudson.model.JDK/jdk8/jdk1.8.0_161/jre/lib/jfr.jar:/opt/jenkins/data/tools/hudson.model.JDK/jdk8/jdk1.8.0_161/jre/classes"/>
    <property name="sun.management.compiler" value="HotSpot 64-Bit Tiered Compilers"/>
    <property name="java.runtime.version" value="1.8.0_161-b12"/>
    <property name="user.name" value="jenkins"/>
    <property name="path.separator" value=":"/>
    <property name="os.version" value="3.13.0-162-generic"/>
    <property name="java.endorsed.dirs" value="/opt/jenkins/data/tools/hudson.model.JDK/jdk8/jdk1.8.0_161/jre/lib/endorsed"/>
    <property name="java.runtime.name" value="Java(TM) SE Runtime Environment"/>
    <property name="altSnapshotDeploymentRepository" value="repo.spring.io::default::https://repo.spring.io/libs-snapshot-local"/>
    <property name="file.encoding" value="UTF-8"/>
    <property name="java.vm.name" value="Java HotSpot(TM) 64-Bit Server VM"/>
    <property name="localRepository" value="/home/jenkins/.m2/repository"/>
    <property name="java.vendor.url.bug" value="http://bugreport.sun.com/bugreport/"/>
    <property name="java.io.tmpdir" value="/tmp"/>
    <property name="java.version" value="1.8.0_161"/>
    <property name="user.dir" value="/tmp/releaser77426136284171318/spring-cloud-gcp/spring-cloud-gcp-samples/spring-cloud-gcp-data-datastore-sample"/>
    <property name="os.arch" value="amd64"/>
    <property name="java.vm.specification.name" value="Java Virtual Machine Specification"/>
    <property name="java.awt.printerjob" value="sun.print.PSPrinterJob"/>
    <property name="sun.os.patch.level" value="unknown"/>
    <property name="SONATYPE_USER" value="lKxqmLaP"/>
    <property name="java.library.path" value="/usr/java/packages/lib/amd64:/usr/lib64:/lib64:/lib:/usr/lib"/>
    <property name="java.vm.info" value="mixed mode"/>
    <property name="java.vendor" value="Oracle Corporation"/>
    <property name="java.vm.version" value="25.161-b12"/>
    <property name="gpg.secretKeyring" value="/opt/jenkins/data/workspace/spring-cloud-meta-releaser@tmp/secretFiles/251393e5-4fba-4622-a440-60acbcce754f/secring.gpg"/>
    <property name="java.ext.dirs" value="/opt/jenkins/data/tools/hudson.model.JDK/jdk8/jdk1.8.0_161/jre/lib/ext:/usr/java/packages/lib/ext"/>
    <property name="sun.io.unicode.encoding" value="UnicodeLittle"/>
    <property name="java.class.version" value="52.0"/>
  </properties>
  <testcase name="com.example.ApplicationTests" classname="com.example.ApplicationTests" time="0">
    <skipped message="Datastore-sample integration tests are disabled. Please use &apos;-Dit.datastore=true&apos; to enable them. : got: null, expected: is &quot;true&quot;"/>
    <system-out><![CDATA[17:51:22.601 [main] DEBUG org.springframework.test.context.junit4.SpringJUnit4ClassRunner - SpringJUnit4ClassRunner constructor called with [class com.example.ApplicationTests]
17:51:22.606 [main] DEBUG org.springframework.test.context.BootstrapUtils - Instantiating CacheAwareContextLoaderDelegate from class [org.springframework.test.context.cache.DefaultCacheAwareContextLoaderDelegate]
17:51:22.613 [main] DEBUG org.springframework.test.context.BootstrapUtils - Instantiating BootstrapContext using constructor [public org.springframework.test.context.support.DefaultBootstrapContext(java.lang.Class,org.springframework.test.context.CacheAwareContextLoaderDelegate)]
17:51:22.629 [main] DEBUG org.springframework.test.context.BootstrapUtils - Instantiating TestContextBootstrapper for test class [com.example.ApplicationTests] from class [org.springframework.boot.test.context.SpringBootTestContextBootstrapper]
17:51:22.639 [main] INFO org.springframework.boot.test.context.SpringBootTestContextBootstrapper - Neither @ContextConfiguration nor @ContextHierarchy found for test class [com.example.ApplicationTests], using SpringBootContextLoader
17:51:22.642 [main] DEBUG org.springframework.test.context.support.AbstractContextLoader - Did not detect default resource location for test class [com.example.ApplicationTests]: class path resource [com/example/ApplicationTests-context.xml] does not exist
17:51:22.643 [main] DEBUG org.springframework.test.context.support.AbstractContextLoader - Did not detect default resource location for test class [com.example.ApplicationTests]: class path resource [com/example/ApplicationTestsContext.groovy] does not exist
17:51:22.643 [main] INFO org.springframework.test.context.support.AbstractContextLoader - Could not detect default resource locations for test class [com.example.ApplicationTests]: no resource found for suffixes {-context.xml, Context.groovy}.
17:51:22.677 [main] DEBUG org.springframework.test.context.support.ActiveProfilesUtils - Could not find an 'annotation declaring class' for annotation type [org.springframework.test.context.ActiveProfiles] and class [com.example.ApplicationTests]
17:51:22.791 [main] DEBUG org.springframework.boot.test.context.SpringBootTestContextBootstrapper - @TestExecutionListeners is not present for class [com.example.ApplicationTests]: using defaults.
17:51:22.793 [main] INFO org.springframework.boot.test.context.SpringBootTestContextBootstrapper - Loaded default TestExecutionListener class names from location [META-INF/spring.factories]: [org.springframework.boot.test.mock.mockito.MockitoTestExecutionListener, org.springframework.boot.test.mock.mockito.ResetMocksTestExecutionListener, org.springframework.boot.test.autoconfigure.restdocs.RestDocsTestExecutionListener, org.springframework.boot.test.autoconfigure.web.client.MockRestServiceServerResetTestExecutionListener, org.springframework.boot.test.autoconfigure.web.servlet.MockMvcPrintOnlyOnFailureTestExecutionListener, org.springframework.boot.test.autoconfigure.web.servlet.WebDriverTestExecutionListener, org.springframework.test.context.web.ServletTestExecutionListener, org.springframework.test.context.support.DirtiesContextBeforeModesTestExecutionListener, org.springframework.test.context.support.DependencyInjectionTestExecutionListener, org.springframework.test.context.support.DirtiesContextTestExecutionListener, org.springframework.test.context.transaction.TransactionalTestExecutionListener, org.springframework.test.context.jdbc.SqlScriptsTestExecutionListener]
17:51:22.807 [main] INFO org.springframework.boot.test.context.SpringBootTestContextBootstrapper - Using TestExecutionListeners: [org.springframework.test.context.web.ServletTestExecutionListener@3b0090a4, org.springframework.test.context.support.DirtiesContextBeforeModesTestExecutionListener@3cd3e762, org.springframework.boot.test.mock.mockito.MockitoTestExecutionListener@1fa121e2, org.springframework.boot.test.autoconfigure.SpringBootDependencyInjectionTestExecutionListener@7eac9008, org.springframework.test.context.support.DirtiesContextTestExecutionListener@4116aac9, org.springframework.test.context.transaction.TransactionalTestExecutionListener@62ddbd7e, org.springframework.test.context.jdbc.SqlScriptsTestExecutionListener@74e52ef6, org.springframework.boot.test.mock.mockito.ResetMocksTestExecutionListener@6ed3ccb2, org.springframework.boot.test.autoconfigure.restdocs.RestDocsTestExecutionListener@1a677343, org.springframework.boot.test.autoconfigure.web.client.MockRestServiceServerResetTestExecutionListener@15de0b3c, org.springframework.boot.test.autoconfigure.web.servlet.MockMvcPrintOnlyOnFailureTestExecutionListener@489115ef, org.springframework.boot.test.autoconfigure.web.servlet.WebDriverTestExecutionListener@3857f613]
17:51:22.810 [main] DEBUG org.springframework.test.annotation.ProfileValueUtils - Retrieved @ProfileValueSourceConfiguration [null] for test class [com.example.ApplicationTests]
17:51:22.810 [main] DEBUG org.springframework.test.annotation.ProfileValueUtils - Retrieved ProfileValueSource type [class org.springframework.test.annotation.SystemProfileValueSource] for class [com.example.ApplicationTests]
17:51:22.811 [main] DEBUG org.springframework.test.annotation.ProfileValueUtils - Retrieved @ProfileValueSourceConfiguration [null] for test class [com.example.ApplicationTests]
17:51:22.811 [main] DEBUG org.springframework.test.annotation.ProfileValueUtils - Retrieved ProfileValueSource type [class org.springframework.test.annotation.SystemProfileValueSource] for class [com.example.ApplicationTests]
17:51:22.812 [main] DEBUG org.springframework.test.annotation.ProfileValueUtils - Retrieved @ProfileValueSourceConfiguration [null] for test class [com.example.ApplicationTests]
17:51:22.812 [main] DEBUG org.springframework.test.annotation.ProfileValueUtils - Retrieved ProfileValueSource type [class org.springframework.test.annotation.SystemProfileValueSource] for class [com.example.ApplicationTests]
17:51:22.815 [main] DEBUG org.springframework.test.context.support.AbstractDirtiesContextTestExecutionListener - Before test class: context [DefaultTestContext@6ad82709 testClass = ApplicationTests, testInstance = [null], testMethod = [null], testException = [null], mergedContextConfiguration = [WebMergedContextConfiguration@510f3d34 testClass = ApplicationTests, locations = '{}', classes = '{class com.example.DatastoreRepositoryExample, class com.example.DatastoreRepositoryExample}', contextInitializerClasses = '[]', activeProfiles = '{}', propertySourceLocations = '{classpath:application-test.properties}', propertySourceProperties = '{org.springframework.boot.test.context.SpringBootTestContextBootstrapper=true, server.port=0}', contextCustomizers = set[org.springframework.boot.test.context.filter.ExcludeFilterContextCustomizer@3d0f8e03, org.springframework.boot.test.json.DuplicateJsonObjectContextCustomizerFactory$DuplicateJsonObjectContextCustomizer@2698dc7, org.springframework.boot.test.mock.mockito.MockitoContextCustomizer@0, org.springframework.boot.test.web.client.TestRestTemplateContextCustomizer@2a40cd94, org.springframework.boot.test.autoconfigure.properties.PropertyMappingContextCustomizer@0, org.springframework.boot.test.autoconfigure.web.servlet.WebDriverContextCustomizerFactory$Customizer@d6da883], resourceBasePath = 'src/main/webapp', contextLoader = 'org.springframework.boot.test.context.SpringBootContextLoader', parent = [null]], attributes = map['org.springframework.test.context.web.ServletTestExecutionListener.activateListener' -> false]], class annotated with @DirtiesContext [false] with mode [null].
17:51:22.817 [main] DEBUG org.springframework.test.context.support.AbstractDirtiesContextTestExecutionListener - After test class: context [DefaultTestContext@6ad82709 testClass = ApplicationTests, testInstance = [null], testMethod = [null], testException = [null], mergedContextConfiguration = [WebMergedContextConfiguration@510f3d34 testClass = ApplicationTests, locations = '{}', classes = '{class com.example.DatastoreRepositoryExample, class com.example.DatastoreRepositoryExample}', contextInitializerClasses = '[]', activeProfiles = '{}', propertySourceLocations = '{classpath:application-test.properties}', propertySourceProperties = '{org.springframework.boot.test.context.SpringBootTestContextBootstrapper=true, server.port=0}', contextCustomizers = set[org.springframework.boot.test.context.filter.ExcludeFilterContextCustomizer@3d0f8e03, org.springframework.boot.test.json.DuplicateJsonObjectContextCustomizerFactory$DuplicateJsonObjectContextCustomizer@2698dc7, org.springframework.boot.test.mock.mockito.MockitoContextCustomizer@0, org.springframework.boot.test.web.client.TestRestTemplateContextCustomizer@2a40cd94, org.springframework.boot.test.autoconfigure.properties.PropertyMappingContextCustomizer@0, org.springframework.boot.test.autoconfigure.web.servlet.WebDriverContextCustomizerFactory$Customizer@d6da883], resourceBasePath = 'src/main/webapp', contextLoader = 'org.springframework.boot.test.context.SpringBootContextLoader', parent = [null]], attributes = map['org.springframework.test.context.web.ServletTestExecutionListener.activateListener' -> false]], class annotated with @DirtiesContext [false] with mode [null].
]]></system-out>
  </testcase>
</testsuite>