<?xml version="1.0" encoding="UTF-8"?>
<testsuite xmlns:xsi="http://www.w3.org/2001/XMLSchema-instance" xsi:noNamespaceSchemaLocation="https://maven.apache.org/surefire/maven-surefire-plugin/xsd/surefire-test-report.xsd" name="org.springframework.cloud.gcp.autoconfigure.logging.StackdriverLoggingAutoConfigurationTests" time="0.133" tests="5" errors="0" skipped="0" failures="0">
  <properties>
    <property name="awt.toolkit" value="sun.awt.X11.XToolkit"/>
    <property name="file.encoding.pkg" value="sun.io"/>
    <property name="java.specification.version" value="1.8"/>
    <property name="sun.cpu.isalist" value=""/>
    <property name="sun.jnu.encoding" value="UTF-8"/>
    <property name="SONATYPE_PASSWORD" value="btStP/BHceYmyzbKDYklRLq4as0Nv1i7OcwCiJQY0w2X"/>
    <property name="java.class.path" value="/tmp/releaser77426136284171318/spring-cloud-gcp/spring-cloud-gcp-autoconfigure/target/test-classes:/tmp/releaser77426136284171318/spring-cloud-gcp/spring-cloud-gcp-autoconfigure/target/classes:/home/jenkins/.m2/repository/org/springframework/boot/spring-boot-autoconfigure/2.1.1.RELEASE/spring-boot-autoconfigure-2.1.1.RELEASE.jar:/home/jenkins/.m2/repository/org/springframework/boot/spring-boot/2.1.1.RELEASE/spring-boot-2.1.1.RELEASE.jar:/tmp/releaser77426136284171318/spring-cloud-gcp/spring-cloud-gcp-core/target/spring-cloud-gcp-core-1.1.0.BUILD-SNAPSHOT.jar:/home/jenkins/.m2/repository/com/google/cloud/google-cloud-core/1.54.0/google-cloud-core-1.54.0.jar:/home/jenkins/.m2/repository/com/google/guava/guava/26.0-android/guava-26.0-android.jar:/home/jenkins/.m2/repository/org/checkerframework/checker-compat-qual/2.5.2/checker-compat-qual-2.5.2.jar:/home/jenkins/.m2/repository/com/google/errorprone/error_prone_annotations/2.1.3/error_prone_annotations-2.1.3.jar:/home/jenkins/.m2/repository/com/google/j2objc/j2objc-annotations/1.1/j2objc-annotations-1.1.jar:/home/jenkins/.m2/repository/org/codehaus/mojo/animal-sniffer-annotations/1.14/animal-sniffer-annotations-1.14.jar:/home/jenkins/.m2/repository/joda-time/joda-time/2.10.1/joda-time-2.10.1.jar:/home/jenkins/.m2/repository/com/google/http-client/google-http-client/1.27.0/google-http-client-1.27.0.jar:/home/jenkins/.m2/repository/org/apache/httpcomponents/httpclient/4.5.6/httpclient-4.5.6.jar:/home/jenkins/.m2/repository/org/apache/httpcomponents/httpcore/4.4.10/httpcore-4.4.10.jar:/home/jenkins/.m2/repository/commons-codec/commons-codec/1.11/commons-codec-1.11.jar:/home/jenkins/.m2/repository/com/google/code/findbugs/jsr305/3.0.2/jsr305-3.0.2.jar:/home/jenkins/.m2/repository/com/google/api/api-common/1.7.0/api-common-1.7.0.jar:/home/jenkins/.m2/repository/com/google/api/gax/1.35.0/gax-1.35.0.jar:/home/jenkins/.m2/repository/org/threeten/threetenbp/1.3.3/threetenbp-1.3.3.jar:/home/jenkins/.m2/repository/com/google/auth/google-auth-library-oauth2-http/0.12.0/google-auth-library-oauth2-http-0.12.0.jar:/home/jenkins/.m2/repository/com/google/protobuf/protobuf-java-util/3.6.1/protobuf-java-util-3.6.1.jar:/home/jenkins/.m2/repository/com/google/code/gson/gson/2.8.5/gson-2.8.5.jar:/home/jenkins/.m2/repository/com/google/api/grpc/proto-google-common-protos/1.12.0/proto-google-common-protos-1.12.0.jar:/home/jenkins/.m2/repository/com/google/api/grpc/proto-google-iam-v1/0.12.0/proto-google-iam-v1-0.12.0.jar:/home/jenkins/.m2/repository/org/springframework/spring-core/5.1.3.RELEASE/spring-core-5.1.3.RELEASE.jar:/home/jenkins/.m2/repository/org/springframework/spring-jcl/5.1.3.RELEASE/spring-jcl-5.1.3.RELEASE.jar:/home/jenkins/.m2/repository/org/springframework/spring-context/5.1.3.RELEASE/spring-context-5.1.3.RELEASE.jar:/home/jenkins/.m2/repository/org/springframework/boot/spring-boot-configuration-processor/2.1.1.RELEASE/spring-boot-configuration-processor-2.1.1.RELEASE.jar:/home/jenkins/.m2/repository/org/springframework/boot/spring-boot-autoconfigure-processor/2.1.1.RELEASE/spring-boot-autoconfigure-processor-2.1.1.RELEASE.jar:/home/jenkins/.m2/repository/javax/servlet/javax.servlet-api/4.0.1/javax.servlet-api-4.0.1.jar:/home/jenkins/.m2/repository/com/google/cloud/google-cloud-logging-logback/0.72.0-alpha/google-cloud-logging-logback-0.72.0-alpha.jar:/home/jenkins/.m2/repository/ch/qos/logback/logback-classic/1.2.3/logback-classic-1.2.3.jar:/home/jenkins/.m2/repository/ch/qos/logback/logback-core/1.2.3/logback-core-1.2.3.jar:/home/jenkins/.m2/repository/com/google/cloud/google-cloud-logging/1.54.0/google-cloud-logging-1.54.0.jar:/home/jenkins/.m2/repository/com/google/api/gax-grpc/1.35.0/gax-grpc-1.35.0.jar:/home/jenkins/.m2/repository/com/google/api/grpc/proto-google-cloud-logging-v2/0.37.0/proto-google-cloud-logging-v2-0.37.0.jar:/home/jenkins/.m2/repository/org/springframework/spring-webmvc/5.1.3.RELEASE/spring-webmvc-5.1.3.RELEASE.jar:/home/jenkins/.m2/repository/org/springframework/spring-aop/5.1.3.RELEASE/spring-aop-5.1.3.RELEASE.jar:/home/jenkins/.m2/repository/org/springframework/spring-beans/5.1.3.RELEASE/spring-beans-5.1.3.RELEASE.jar:/home/jenkins/.m2/repository/org/springframework/spring-expression/5.1.3.RELEASE/spring-expression-5.1.3.RELEASE.jar:/home/jenkins/.m2/repository/org/springframework/spring-web/5.1.3.RELEASE/spring-web-5.1.3.RELEASE.jar:/home/jenkins/.m2/repository/ch/qos/logback/contrib/logback-json-classic/0.1.5/logback-json-classic-0.1.5.jar:/home/jenkins/.m2/repository/ch/qos/logback/contrib/logback-json-core/0.1.5/logback-json-core-0.1.5.jar:/tmp/releaser77426136284171318/spring-cloud-gcp/spring-cloud-gcp-pubsub/target/spring-cloud-gcp-pubsub-1.1.0.BUILD-SNAPSHOT.jar:/home/jenkins/.m2/repository/com/google/cloud/google-cloud-pubsub/1.54.0/google-cloud-pubsub-1.54.0.jar:/home/jenkins/.m2/repository/com/google/api/grpc/proto-google-cloud-pubsub-v1/1.36.0/proto-google-cloud-pubsub-v1-1.36.0.jar:/home/jenkins/.m2/repository/com/google/api/grpc/grpc-google-cloud-pubsub-v1/1.36.0/grpc-google-cloud-pubsub-v1-1.36.0.jar:/home/jenkins/.m2/repository/com/google/auto/value/auto-value/1.4/auto-value-1.4.jar:/home/jenkins/.m2/repository/org/springframework/integration/spring-integration-core/5.1.1.RELEASE/spring-integration-core-5.1.1.RELEASE.jar:/home/jenkins/.m2/repository/org/springframework/spring-messaging/5.1.3.RELEASE/spring-messaging-5.1.3.RELEASE.jar:/home/jenkins/.m2/repository/org/springframework/spring-tx/5.1.3.RELEASE/spring-tx-5.1.3.RELEASE.jar:/home/jenkins/.m2/repository/org/springframework/retry/spring-retry/1.2.2.RELEASE/spring-retry-1.2.2.RELEASE.jar:/home/jenkins/.m2/repository/io/projectreactor/reactor-core/3.2.3.RELEASE/reactor-core-3.2.3.RELEASE.jar:/home/jenkins/.m2/repository/org/reactivestreams/reactive-streams/1.0.2/reactive-streams-1.0.2.jar:/home/jenkins/.m2/repository/org/springframework/spring-jdbc/5.1.3.RELEASE/spring-jdbc-5.1.3.RELEASE.jar:/home/jenkins/.m2/repository/com/google/cloud/sql/mysql-socket-factory/1.0.11/mysql-socket-factory-1.0.11.jar:/home/jenkins/.m2/repository/com/google/cloud/sql/jdbc-socket-factory-core/1.0.11/jdbc-socket-factory-core-1.0.11.jar:/home/jenkins/.m2/repository/com/google/apis/google-api-services-sqladmin/v1beta4-rev56-1.23.0/google-api-services-sqladmin-v1beta4-rev56-1.23.0.jar:/home/jenkins/.m2/repository/com/google/api-client/google-api-client/1.23.0/google-api-client-1.23.0.jar:/home/jenkins/.m2/repository/com/github/jnr/jnr-unixsocket/0.18/jnr-unixsocket-0.18.jar:/home/jenkins/.m2/repository/com/github/jnr/jnr-ffi/2.1.4/jnr-ffi-2.1.4.jar:/home/jenkins/.m2/repository/com/github/jnr/jffi/1.2.15/jffi-1.2.15.jar:/home/jenkins/.m2/repository/com/github/jnr/jffi/1.2.15/jffi-1.2.15-native.jar:/home/jenkins/.m2/repository/org/ow2/asm/asm/5.0.3/asm-5.0.3.jar:/home/jenkins/.m2/repository/org/ow2/asm/asm-commons/5.0.3/asm-commons-5.0.3.jar:/home/jenkins/.m2/repository/org/ow2/asm/asm-analysis/5.0.3/asm-analysis-5.0.3.jar:/home/jenkins/.m2/repository/org/ow2/asm/asm-tree/5.0.3/asm-tree-5.0.3.jar:/home/jenkins/.m2/repository/org/ow2/asm/asm-util/5.0.3/asm-util-5.0.3.jar:/home/jenkins/.m2/repository/com/github/jnr/jnr-x86asm/1.0.2/jnr-x86asm-1.0.2.jar:/home/jenkins/.m2/repository/com/github/jnr/jnr-constants/0.9.8/jnr-constants-0.9.8.jar:/home/jenkins/.m2/repository/com/github/jnr/jnr-enxio/0.16/jnr-enxio-0.16.jar:/home/jenkins/.m2/repository/com/github/jnr/jnr-posix/3.0.35/jnr-posix-3.0.35.jar:/home/jenkins/.m2/repository/mysql/mysql-connector-java/8.0.13/mysql-connector-java-8.0.13.jar:/home/jenkins/.m2/repository/com/google/cloud/sql/postgres-socket-factory/1.0.11/postgres-socket-factory-1.0.11.jar:/home/jenkins/.m2/repository/org/postgresql/postgresql/42.2.5/postgresql-42.2.5.jar:/home/jenkins/.m2/repository/com/zaxxer/HikariCP/3.2.0/HikariCP-3.2.0.jar:/tmp/releaser77426136284171318/spring-cloud-gcp/spring-cloud-gcp-storage/target/spring-cloud-gcp-storage-1.1.0.BUILD-SNAPSHOT.jar:/home/jenkins/.m2/repository/com/google/cloud/google-cloud-storage/1.54.0/google-cloud-storage-1.54.0.jar:/home/jenkins/.m2/repository/com/google/cloud/google-cloud-core-http/1.54.0/google-cloud-core-http-1.54.0.jar:/home/jenkins/.m2/repository/com/google/oauth-client/google-oauth-client/1.27.0/google-oauth-client-1.27.0.jar:/home/jenkins/.m2/repository/com/google/http-client/google-http-client-appengine/1.27.0/google-http-client-appengine-1.27.0.jar:/home/jenkins/.m2/repository/com/google/http-client/google-http-client-jackson2/1.27.0/google-http-client-jackson2-1.27.0.jar:/home/jenkins/.m2/repository/com/google/api/gax-httpjson/0.52.0/gax-httpjson-0.52.0.jar:/home/jenkins/.m2/repository/io/opencensus/opencensus-contrib-http-util/0.15.0/opencensus-contrib-http-util-0.15.0.jar:/home/jenkins/.m2/repository/com/google/apis/google-api-services-storage/v1-rev20181013-1.27.0/google-api-services-storage-v1-rev20181013-1.27.0.jar:/home/jenkins/.m2/repository/org/springframework/boot/spring-boot-starter-web/2.1.1.RELEASE/spring-boot-starter-web-2.1.1.RELEASE.jar:/home/jenkins/.m2/repository/org/springframework/boot/spring-boot-starter/2.1.1.RELEASE/spring-boot-starter-2.1.1.RELEASE.jar:/home/jenkins/.m2/repository/org/springframework/boot/spring-boot-starter-logging/2.1.1.RELEASE/spring-boot-starter-logging-2.1.1.RELEASE.jar:/home/jenkins/.m2/repository/org/apache/logging/log4j/log4j-to-slf4j/2.11.1/log4j-to-slf4j-2.11.1.jar:/home/jenkins/.m2/repository/org/apache/logging/log4j/log4j-api/2.11.1/log4j-api-2.11.1.jar:/home/jenkins/.m2/repository/org/slf4j/jul-to-slf4j/1.7.25/jul-to-slf4j-1.7.25.jar:/home/jenkins/.m2/repository/javax/annotation/javax.annotation-api/1.3.2/javax.annotation-api-1.3.2.jar:/home/jenkins/.m2/repository/org/yaml/snakeyaml/1.23/snakeyaml-1.23.jar:/home/jenkins/.m2/repository/org/springframework/boot/spring-boot-starter-json/2.1.1.RELEASE/spring-boot-starter-json-2.1.1.RELEASE.jar:/home/jenkins/.m2/repository/com/fasterxml/jackson/datatype/jackson-datatype-jdk8/2.9.7/jackson-datatype-jdk8-2.9.7.jar:/home/jenkins/.m2/repository/com/fasterxml/jackson/datatype/jackson-datatype-jsr310/2.9.7/jackson-datatype-jsr310-2.9.7.jar:/home/jenkins/.m2/repository/com/fasterxml/jackson/module/jackson-module-parameter-names/2.9.7/jackson-module-parameter-names-2.9.7.jar:/home/jenkins/.m2/repository/org/springframework/boot/spring-boot-starter-tomcat/2.1.1.RELEASE/spring-boot-starter-tomcat-2.1.1.RELEASE.jar:/home/jenkins/.m2/repository/org/apache/tomcat/embed/tomcat-embed-core/9.0.13/tomcat-embed-core-9.0.13.jar:/home/jenkins/.m2/repository/org/apache/tomcat/embed/tomcat-embed-el/9.0.13/tomcat-embed-el-9.0.13.jar:/home/jenkins/.m2/repository/org/apache/tomcat/embed/tomcat-embed-websocket/9.0.13/tomcat-embed-websocket-9.0.13.jar:/home/jenkins/.m2/repository/org/hibernate/validator/hibernate-validator/6.0.13.Final/hibernate-validator-6.0.13.Final.jar:/home/jenkins/.m2/repository/javax/validation/validation-api/2.0.1.Final/validation-api-2.0.1.Final.jar:/home/jenkins/.m2/repository/org/jboss/logging/jboss-logging/3.3.2.Final/jboss-logging-3.3.2.Final.jar:/home/jenkins/.m2/repository/com/fasterxml/classmate/1.4.0/classmate-1.4.0.jar:/tmp/releaser77426136284171318/spring-cloud-gcp/spring-cloud-gcp-data-datastore/target/spring-cloud-gcp-data-datastore-1.1.0.BUILD-SNAPSHOT.jar:/home/jenkins/.m2/repository/com/google/cloud/google-cloud-datastore/1.54.0/google-cloud-datastore-1.54.0.jar:/home/jenkins/.m2/repository/com/google/api/grpc/proto-google-cloud-datastore-v1/0.37.0/proto-google-cloud-datastore-v1-0.37.0.jar:/home/jenkins/.m2/repository/com/google/cloud/datastore/datastore-v1-proto-client/1.6.0/datastore-v1-proto-client-1.6.0.jar:/home/jenkins/.m2/repository/com/google/http-client/google-http-client-protobuf/1.20.0/google-http-client-protobuf-1.20.0.jar:/home/jenkins/.m2/repository/com/google/http-client/google-http-client-jackson/1.20.0/google-http-client-jackson-1.20.0.jar:/home/jenkins/.m2/repository/org/codehaus/jackson/jackson-core-asl/1.9.11/jackson-core-asl-1.9.11.jar:/home/jenkins/.m2/repository/io/grpc/grpc-core/1.16.1/grpc-core-1.16.1.jar:/home/jenkins/.m2/repository/io/opencensus/opencensus-contrib-grpc-metrics/0.12.3/opencensus-contrib-grpc-metrics-0.12.3.jar:/home/jenkins/.m2/repository/org/springframework/data/spring-data-commons/2.1.3.RELEASE/spring-data-commons-2.1.3.RELEASE.jar:/tmp/releaser77426136284171318/spring-cloud-gcp/spring-cloud-gcp-data-spanner/target/spring-cloud-gcp-data-spanner-1.1.0.BUILD-SNAPSHOT.jar:/home/jenkins/.m2/repository/com/google/cloud/google-cloud-spanner/0.72.0-beta/google-cloud-spanner-0.72.0-beta.jar:/home/jenkins/.m2/repository/com/google/api/grpc/proto-google-cloud-spanner-v1/0.37.0/proto-google-cloud-spanner-v1-0.37.0.jar:/home/jenkins/.m2/repository/com/google/api/grpc/proto-google-cloud-spanner-admin-database-v1/0.37.0/proto-google-cloud-spanner-admin-database-v1-0.37.0.jar:/home/jenkins/.m2/repository/com/google/api/grpc/proto-google-cloud-spanner-admin-instance-v1/0.37.0/proto-google-cloud-spanner-admin-instance-v1-0.37.0.jar:/home/jenkins/.m2/repository/com/google/api/grpc/grpc-google-cloud-spanner-v1/0.37.0/grpc-google-cloud-spanner-v1-0.37.0.jar:/home/jenkins/.m2/repository/com/google/api/grpc/grpc-google-cloud-spanner-admin-database-v1/0.37.0/grpc-google-cloud-spanner-admin-database-v1-0.37.0.jar:/home/jenkins/.m2/repository/com/google/api/grpc/grpc-google-cloud-spanner-admin-instance-v1/0.37.0/grpc-google-cloud-spanner-admin-instance-v1-0.37.0.jar:/home/jenkins/.m2/repository/com/google/api/grpc/grpc-google-common-protos/1.12.0/grpc-google-common-protos-1.12.0.jar:/home/jenkins/.m2/repository/io/opencensus/opencensus-api/0.15.0/opencensus-api-0.15.0.jar:/home/jenkins/.m2/repository/io/opencensus/opencensus-contrib-grpc-util/0.15.0/opencensus-contrib-grpc-util-0.15.0.jar:/home/jenkins/.m2/repository/org/springframework/data/spring-data-rest-webmvc/3.1.3.RELEASE/spring-data-rest-webmvc-3.1.3.RELEASE.jar:/home/jenkins/.m2/repository/org/springframework/data/spring-data-rest-core/3.1.3.RELEASE/spring-data-rest-core-3.1.3.RELEASE.jar:/home/jenkins/.m2/repository/org/springframework/hateoas/spring-hateoas/0.25.0.RELEASE/spring-hateoas-0.25.0.RELEASE.jar:/home/jenkins/.m2/repository/org/springframework/plugin/spring-plugin-core/1.2.0.RELEASE/spring-plugin-core-1.2.0.RELEASE.jar:/home/jenkins/.m2/repository/org/atteo/evo-inflector/1.2.2/evo-inflector-1.2.2.jar:/home/jenkins/.m2/repository/com/fasterxml/jackson/core/jackson-databind/2.9.7/jackson-databind-2.9.7.jar:/home/jenkins/.m2/repository/com/fasterxml/jackson/core/jackson-core/2.9.7/jackson-core-2.9.7.jar:/home/jenkins/.m2/repository/com/fasterxml/jackson/core/jackson-annotations/2.9.0/jackson-annotations-2.9.0.jar:/home/jenkins/.m2/repository/org/springframework/cloud/spring-cloud-sleuth-core/2.1.0.BUILD-SNAPSHOT/spring-cloud-sleuth-core-2.1.0.BUILD-SNAPSHOT.jar:/home/jenkins/.m2/repository/org/springframework/cloud/spring-cloud-commons/2.1.0.BUILD-SNAPSHOT/spring-cloud-commons-2.1.0.BUILD-SNAPSHOT.jar:/home/jenkins/.m2/repository/org/aspectj/aspectjrt/1.9.2/aspectjrt-1.9.2.jar:/home/jenkins/.m2/repository/io/zipkin/brave/brave/5.6.0/brave-5.6.0.jar:/home/jenkins/.m2/repository/io/zipkin/brave/brave-context-log4j2/5.6.0/brave-context-log4j2-5.6.0.jar:/home/jenkins/.m2/repository/io/zipkin/brave/brave-instrumentation-spring-web/5.6.0/brave-instrumentation-spring-web-5.6.0.jar:/home/jenkins/.m2/repository/io/zipkin/brave/brave-instrumentation-http/5.6.0/brave-instrumentation-http-5.6.0.jar:/home/jenkins/.m2/repository/io/zipkin/brave/brave-instrumentation-spring-rabbit/5.6.0/brave-instrumentation-spring-rabbit-5.6.0.jar:/home/jenkins/.m2/repository/io/zipkin/brave/brave-instrumentation-kafka-clients/5.6.0/brave-instrumentation-kafka-clients-5.6.0.jar:/home/jenkins/.m2/repository/io/zipkin/brave/brave-instrumentation-httpclient/5.6.0/brave-instrumentation-httpclient-5.6.0.jar:/home/jenkins/.m2/repository/io/zipkin/brave/brave-instrumentation-httpasyncclient/5.6.0/brave-instrumentation-httpasyncclient-5.6.0.jar:/home/jenkins/.m2/repository/io/zipkin/brave/brave-instrumentation-spring-webmvc/5.6.0/brave-instrumentation-spring-webmvc-5.6.0.jar:/home/jenkins/.m2/repository/io/zipkin/brave/brave-instrumentation-servlet/5.6.0/brave-instrumentation-servlet-5.6.0.jar:/home/jenkins/.m2/repository/io/zipkin/brave/brave-instrumentation-jms/5.6.0/brave-instrumentation-jms-5.6.0.jar:/home/jenkins/.m2/repository/io/zipkin/gcp/zipkin-sender-stackdriver/0.9.0/zipkin-sender-stackdriver-0.9.0.jar:/home/jenkins/.m2/repository/io/zipkin/gcp/zipkin-translation-stackdriver/0.9.0/zipkin-translation-stackdriver-0.9.0.jar:/home/jenkins/.m2/repository/io/zipkin/reporter2/zipkin-reporter/2.7.13/zipkin-reporter-2.7.13.jar:/home/jenkins/.m2/repository/com/google/api/grpc/grpc-google-devtools-cloudtrace-v1/0.1.1/grpc-google-devtools-cloudtrace-v1-0.1.1.jar:/home/jenkins/.m2/repository/io/grpc/grpc-protobuf/1.17.0/grpc-protobuf-1.17.0.jar:/home/jenkins/.m2/repository/io/grpc/grpc-protobuf-lite/1.17.0/grpc-protobuf-lite-1.17.0.jar:/home/jenkins/.m2/repository/io/zipkin/zipkin2/zipkin/2.11.11/zipkin-2.11.11-tests.jar:/home/jenkins/.m2/repository/io/zipkin/zipkin2/zipkin/2.11.11/zipkin-2.11.11.jar:/home/jenkins/.m2/repository/org/aspectj/aspectjweaver/1.9.2/aspectjweaver-1.9.2.jar:/home/jenkins/.m2/repository/org/springframework/cloud/spring-cloud-sleuth-zipkin/2.1.0.BUILD-SNAPSHOT/spring-cloud-sleuth-zipkin-2.1.0.BUILD-SNAPSHOT.jar:/home/jenkins/.m2/repository/io/zipkin/reporter2/zipkin-sender-kafka11/2.7.13/zipkin-sender-kafka11-2.7.13.jar:/home/jenkins/.m2/repository/io/zipkin/reporter2/zipkin-sender-amqp-client/2.7.13/zipkin-sender-amqp-client-2.7.13.jar:/home/jenkins/.m2/repository/io/zipkin/gcp/brave-propagation-stackdriver/0.9.0/brave-propagation-stackdriver-0.9.0.jar:/home/jenkins/.m2/repository/com/google/cloud/google-cloud-vision/1.54.0/google-cloud-vision-1.54.0.jar:/home/jenkins/.m2/repository/com/google/cloud/google-cloud-core-grpc/1.54.0/google-cloud-core-grpc-1.54.0.jar:/home/jenkins/.m2/repository/com/google/auth/google-auth-library-credentials/0.12.0/google-auth-library-credentials-0.12.0.jar:/home/jenkins/.m2/repository/com/google/protobuf/protobuf-java/3.6.1/protobuf-java-3.6.1.jar:/home/jenkins/.m2/repository/io/grpc/grpc-context/1.16.1/grpc-context-1.16.1.jar:/home/jenkins/.m2/repository/com/google/api/grpc/proto-google-cloud-vision-v1/1.36.0/proto-google-cloud-vision-v1-1.36.0.jar:/home/jenkins/.m2/repository/com/google/api/grpc/proto-google-cloud-vision-v1p1beta1/0.37.0/proto-google-cloud-vision-v1p1beta1-0.37.0.jar:/home/jenkins/.m2/repository/com/google/api/grpc/proto-google-cloud-vision-v1p2beta1/1.36.0/proto-google-cloud-vision-v1p2beta1-1.36.0.jar:/home/jenkins/.m2/repository/com/google/api/grpc/proto-google-cloud-vision-v1p3beta1/0.37.0/proto-google-cloud-vision-v1p3beta1-0.37.0.jar:/home/jenkins/.m2/repository/io/grpc/grpc-netty-shaded/1.16.1/grpc-netty-shaded-1.16.1.jar:/home/jenkins/.m2/repository/io/grpc/grpc-stub/1.16.1/grpc-stub-1.16.1.jar:/home/jenkins/.m2/repository/io/grpc/grpc-auth/1.16.1/grpc-auth-1.16.1.jar:/tmp/releaser77426136284171318/spring-cloud-gcp/spring-cloud-gcp-vision/target/spring-cloud-gcp-vision-1.1.0.BUILD-SNAPSHOT.jar:/home/jenkins/.m2/repository/org/springframework/cloud/spring-cloud-context/2.1.0.BUILD-SNAPSHOT/spring-cloud-context-2.1.0.BUILD-SNAPSHOT.jar:/home/jenkins/.m2/repository/org/springframework/security/spring-security-crypto/5.1.2.RELEASE/spring-security-crypto-5.1.2.RELEASE.jar:/tmp/releaser77426136284171318/spring-cloud-gcp/spring-cloud-gcp-security-iap/target/spring-cloud-gcp-security-iap-1.1.0.BUILD-SNAPSHOT.jar:/home/jenkins/.m2/repository/org/springframework/security/spring-security-oauth2-core/5.1.2.RELEASE/spring-security-oauth2-core-5.1.2.RELEASE.jar:/home/jenkins/.m2/repository/org/springframework/security/spring-security-oauth2-jose/5.1.2.RELEASE/spring-security-oauth2-jose-5.1.2.RELEASE.jar:/home/jenkins/.m2/repository/com/nimbusds/nimbus-jose-jwt/6.0.2/nimbus-jose-jwt-6.0.2.jar:/home/jenkins/.m2/repository/com/github/stephenc/jcip/jcip-annotations/1.0-1/jcip-annotations-1.0-1.jar:/home/jenkins/.m2/repository/com/google/cloud/google-cloud-resourcemanager/0.72.0-alpha/google-cloud-resourcemanager-0.72.0-alpha.jar:/home/jenkins/.m2/repository/com/google/apis/google-api-services-cloudresourcemanager/v1-rev20181015-1.27.0/google-api-services-cloudresourcemanager-v1-rev20181015-1.27.0.jar:/home/jenkins/.m2/repository/org/springframework/security/spring-security-config/5.1.2.RELEASE/spring-security-config-5.1.2.RELEASE.jar:/home/jenkins/.m2/repository/org/springframework/security/spring-security-core/5.1.2.RELEASE/spring-security-core-5.1.2.RELEASE.jar:/home/jenkins/.m2/repository/org/springframework/security/spring-security-oauth2-resource-server/5.1.2.RELEASE/spring-security-oauth2-resource-server-5.1.2.RELEASE.jar:/home/jenkins/.m2/repository/org/springframework/security/spring-security-web/5.1.2.RELEASE/spring-security-web-5.1.2.RELEASE.jar:/home/jenkins/.m2/repository/commons-io/commons-io/2.5/commons-io-2.5.jar:/home/jenkins/.m2/repository/org/codehaus/janino/janino/3.0.11/janino-3.0.11.jar:/home/jenkins/.m2/repository/org/codehaus/janino/commons-compiler/3.0.11/commons-compiler-3.0.11.jar:/home/jenkins/.m2/repository/org/awaitility/awaitility/3.1.2/awaitility-3.1.2.jar:/home/jenkins/.m2/repository/org/hamcrest/hamcrest-library/1.3/hamcrest-library-1.3.jar:/home/jenkins/.m2/repository/org/hamcrest/hamcrest-core/1.3/hamcrest-core-1.3.jar:/home/jenkins/.m2/repository/org/objenesis/objenesis/2.6/objenesis-2.6.jar:/home/jenkins/.m2/repository/junit/junit/4.12/junit-4.12.jar:/home/jenkins/.m2/repository/org/slf4j/slf4j-api/1.7.25/slf4j-api-1.7.25.jar:/home/jenkins/.m2/repository/org/mockito/mockito-core/2.23.4/mockito-core-2.23.4.jar:/home/jenkins/.m2/repository/net/bytebuddy/byte-buddy/1.9.5/byte-buddy-1.9.5.jar:/home/jenkins/.m2/repository/net/bytebuddy/byte-buddy-agent/1.9.5/byte-buddy-agent-1.9.5.jar:/home/jenkins/.m2/repository/org/springframework/boot/spring-boot-starter-test/2.1.1.RELEASE/spring-boot-starter-test-2.1.1.RELEASE.jar:/home/jenkins/.m2/repository/org/springframework/boot/spring-boot-test/2.1.1.RELEASE/spring-boot-test-2.1.1.RELEASE.jar:/home/jenkins/.m2/repository/org/springframework/boot/spring-boot-test-autoconfigure/2.1.1.RELEASE/spring-boot-test-autoconfigure-2.1.1.RELEASE.jar:/home/jenkins/.m2/repository/com/jayway/jsonpath/json-path/2.4.0/json-path-2.4.0.jar:/home/jenkins/.m2/repository/net/minidev/json-smart/2.3/json-smart-2.3.jar:/home/jenkins/.m2/repository/net/minidev/accessors-smart/1.2/accessors-smart-1.2.jar:/home/jenkins/.m2/repository/org/assertj/assertj-core/3.11.1/assertj-core-3.11.1.jar:/home/jenkins/.m2/repository/org/skyscreamer/jsonassert/1.5.0/jsonassert-1.5.0.jar:/home/jenkins/.m2/repository/com/vaadin/external/google/android-json/0.0.20131108.vaadin1/android-json-0.0.20131108.vaadin1.jar:/home/jenkins/.m2/repository/org/springframework/spring-test/5.1.3.RELEASE/spring-test-5.1.3.RELEASE.jar:/home/jenkins/.m2/repository/org/xmlunit/xmlunit-core/2.6.2/xmlunit-core-2.6.2.jar:"/>
    <property name="gpg.passphrase" value="$7KNH0E%m8SS5WIbd!4nGp4bx!zq*$QrSpdN1MAq86SE#NsP!9"/>
    <property name="java.vm.vendor" value="Oracle Corporation"/>
    <property name="sun.arch.data.model" value="64"/>
    <property name="java.vendor.url" value="http://java.oracle.com/"/>
    <property name="user.timezone" value=""/>
    <property name="java.vm.specification.version" value="1.8"/>
    <property name="os.name" value="Linux"/>
    <property name="user.country" value="US"/>
    <property name="sun.java.launcher" value="SUN_STANDARD"/>
    <property name="sun.boot.library.path" value="/opt/jenkins/data/tools/hudson.model.JDK/jdk8/jdk1.8.0_161/jre/lib/amd64"/>
    <property name="sun.java.command" value="/tmp/releaser77426136284171318/spring-cloud-gcp/spring-cloud-gcp-autoconfigure/target/surefire/surefirebooter3228525570434892497.jar /tmp/releaser77426136284171318/spring-cloud-gcp/spring-cloud-gcp-autoconfigure/target/surefire 2019-01-03T17-49-21_902-jvmRun1 surefire3141129372158439199tmp surefire_78796448185399148199tmp"/>
    <property name="surefire.test.class.path" value="/tmp/releaser77426136284171318/spring-cloud-gcp/spring-cloud-gcp-autoconfigure/target/test-classes:/tmp/releaser77426136284171318/spring-cloud-gcp/spring-cloud-gcp-autoconfigure/target/classes:/home/jenkins/.m2/repository/org/springframework/boot/spring-boot-autoconfigure/2.1.1.RELEASE/spring-boot-autoconfigure-2.1.1.RELEASE.jar:/home/jenkins/.m2/repository/org/springframework/boot/spring-boot/2.1.1.RELEASE/spring-boot-2.1.1.RELEASE.jar:/tmp/releaser77426136284171318/spring-cloud-gcp/spring-cloud-gcp-core/target/spring-cloud-gcp-core-1.1.0.BUILD-SNAPSHOT.jar:/home/jenkins/.m2/repository/com/google/cloud/google-cloud-core/1.54.0/google-cloud-core-1.54.0.jar:/home/jenkins/.m2/repository/com/google/guava/guava/26.0-android/guava-26.0-android.jar:/home/jenkins/.m2/repository/org/checkerframework/checker-compat-qual/2.5.2/checker-compat-qual-2.5.2.jar:/home/jenkins/.m2/repository/com/google/errorprone/error_prone_annotations/2.1.3/error_prone_annotations-2.1.3.jar:/home/jenkins/.m2/repository/com/google/j2objc/j2objc-annotations/1.1/j2objc-annotations-1.1.jar:/home/jenkins/.m2/repository/org/codehaus/mojo/animal-sniffer-annotations/1.14/animal-sniffer-annotations-1.14.jar:/home/jenkins/.m2/repository/joda-time/joda-time/2.10.1/joda-time-2.10.1.jar:/home/jenkins/.m2/repository/com/google/http-client/google-http-client/1.27.0/google-http-client-1.27.0.jar:/home/jenkins/.m2/repository/org/apache/httpcomponents/httpclient/4.5.6/httpclient-4.5.6.jar:/home/jenkins/.m2/repository/org/apache/httpcomponents/httpcore/4.4.10/httpcore-4.4.10.jar:/home/jenkins/.m2/repository/commons-codec/commons-codec/1.11/commons-codec-1.11.jar:/home/jenkins/.m2/repository/com/google/code/findbugs/jsr305/3.0.2/jsr305-3.0.2.jar:/home/jenkins/.m2/repository/com/google/api/api-common/1.7.0/api-common-1.7.0.jar:/home/jenkins/.m2/repository/com/google/api/gax/1.35.0/gax-1.35.0.jar:/home/jenkins/.m2/repository/org/threeten/threetenbp/1.3.3/threetenbp-1.3.3.jar:/home/jenkins/.m2/repository/com/google/auth/google-auth-library-oauth2-http/0.12.0/google-auth-library-oauth2-http-0.12.0.jar:/home/jenkins/.m2/repository/com/google/protobuf/protobuf-java-util/3.6.1/protobuf-java-util-3.6.1.jar:/home/jenkins/.m2/repository/com/google/code/gson/gson/2.8.5/gson-2.8.5.jar:/home/jenkins/.m2/repository/com/google/api/grpc/proto-google-common-protos/1.12.0/proto-google-common-protos-1.12.0.jar:/home/jenkins/.m2/repository/com/google/api/grpc/proto-google-iam-v1/0.12.0/proto-google-iam-v1-0.12.0.jar:/home/jenkins/.m2/repository/org/springframework/spring-core/5.1.3.RELEASE/spring-core-5.1.3.RELEASE.jar:/home/jenkins/.m2/repository/org/springframework/spring-jcl/5.1.3.RELEASE/spring-jcl-5.1.3.RELEASE.jar:/home/jenkins/.m2/repository/org/springframework/spring-context/5.1.3.RELEASE/spring-context-5.1.3.RELEASE.jar:/home/jenkins/.m2/repository/org/springframework/boot/spring-boot-configuration-processor/2.1.1.RELEASE/spring-boot-configuration-processor-2.1.1.RELEASE.jar:/home/jenkins/.m2/repository/org/springframework/boot/spring-boot-autoconfigure-processor/2.1.1.RELEASE/spring-boot-autoconfigure-processor-2.1.1.RELEASE.jar:/home/jenkins/.m2/repository/javax/servlet/javax.servlet-api/4.0.1/javax.servlet-api-4.0.1.jar:/home/jenkins/.m2/repository/com/google/cloud/google-cloud-logging-logback/0.72.0-alpha/google-cloud-logging-logback-0.72.0-alpha.jar:/home/jenkins/.m2/repository/ch/qos/logback/logback-classic/1.2.3/logback-classic-1.2.3.jar:/home/jenkins/.m2/repository/ch/qos/logback/logback-core/1.2.3/logback-core-1.2.3.jar:/home/jenkins/.m2/repository/com/google/cloud/google-cloud-logging/1.54.0/google-cloud-logging-1.54.0.jar:/home/jenkins/.m2/repository/com/google/api/gax-grpc/1.35.0/gax-grpc-1.35.0.jar:/home/jenkins/.m2/repository/com/google/api/grpc/proto-google-cloud-logging-v2/0.37.0/proto-google-cloud-logging-v2-0.37.0.jar:/home/jenkins/.m2/repository/org/springframework/spring-webmvc/5.1.3.RELEASE/spring-webmvc-5.1.3.RELEASE.jar:/home/jenkins/.m2/repository/org/springframework/spring-aop/5.1.3.RELEASE/spring-aop-5.1.3.RELEASE.jar:/home/jenkins/.m2/repository/org/springframework/spring-beans/5.1.3.RELEASE/spring-beans-5.1.3.RELEASE.jar:/home/jenkins/.m2/repository/org/springframework/spring-expression/5.1.3.RELEASE/spring-expression-5.1.3.RELEASE.jar:/home/jenkins/.m2/repository/org/springframework/spring-web/5.1.3.RELEASE/spring-web-5.1.3.RELEASE.jar:/home/jenkins/.m2/repository/ch/qos/logback/contrib/logback-json-classic/0.1.5/logback-json-classic-0.1.5.jar:/home/jenkins/.m2/repository/ch/qos/logback/contrib/logback-json-core/0.1.5/logback-json-core-0.1.5.jar:/tmp/releaser77426136284171318/spring-cloud-gcp/spring-cloud-gcp-pubsub/target/spring-cloud-gcp-pubsub-1.1.0.BUILD-SNAPSHOT.jar:/home/jenkins/.m2/repository/com/google/cloud/google-cloud-pubsub/1.54.0/google-cloud-pubsub-1.54.0.jar:/home/jenkins/.m2/repository/com/google/api/grpc/proto-google-cloud-pubsub-v1/1.36.0/proto-google-cloud-pubsub-v1-1.36.0.jar:/home/jenkins/.m2/repository/com/google/api/grpc/grpc-google-cloud-pubsub-v1/1.36.0/grpc-google-cloud-pubsub-v1-1.36.0.jar:/home/jenkins/.m2/repository/com/google/auto/value/auto-value/1.4/auto-value-1.4.jar:/home/jenkins/.m2/repository/org/springframework/integration/spring-integration-core/5.1.1.RELEASE/spring-integration-core-5.1.1.RELEASE.jar:/home/jenkins/.m2/repository/org/springframework/spring-messaging/5.1.3.RELEASE/spring-messaging-5.1.3.RELEASE.jar:/home/jenkins/.m2/repository/org/springframework/spring-tx/5.1.3.RELEASE/spring-tx-5.1.3.RELEASE.jar:/home/jenkins/.m2/repository/org/springframework/retry/spring-retry/1.2.2.RELEASE/spring-retry-1.2.2.RELEASE.jar:/home/jenkins/.m2/repository/io/projectreactor/reactor-core/3.2.3.RELEASE/reactor-core-3.2.3.RELEASE.jar:/home/jenkins/.m2/repository/org/reactivestreams/reactive-streams/1.0.2/reactive-streams-1.0.2.jar:/home/jenkins/.m2/repository/org/springframework/spring-jdbc/5.1.3.RELEASE/spring-jdbc-5.1.3.RELEASE.jar:/home/jenkins/.m2/repository/com/google/cloud/sql/mysql-socket-factory/1.0.11/mysql-socket-factory-1.0.11.jar:/home/jenkins/.m2/repository/com/google/cloud/sql/jdbc-socket-factory-core/1.0.11/jdbc-socket-factory-core-1.0.11.jar:/home/jenkins/.m2/repository/com/google/apis/google-api-services-sqladmin/v1beta4-rev56-1.23.0/google-api-services-sqladmin-v1beta4-rev56-1.23.0.jar:/home/jenkins/.m2/repository/com/google/api-client/google-api-client/1.23.0/google-api-client-1.23.0.jar:/home/jenkins/.m2/repository/com/github/jnr/jnr-unixsocket/0.18/jnr-unixsocket-0.18.jar:/home/jenkins/.m2/repository/com/github/jnr/jnr-ffi/2.1.4/jnr-ffi-2.1.4.jar:/home/jenkins/.m2/repository/com/github/jnr/jffi/1.2.15/jffi-1.2.15.jar:/home/jenkins/.m2/repository/com/github/jnr/jffi/1.2.15/jffi-1.2.15-native.jar:/home/jenkins/.m2/repository/org/ow2/asm/asm/5.0.3/asm-5.0.3.jar:/home/jenkins/.m2/repository/org/ow2/asm/asm-commons/5.0.3/asm-commons-5.0.3.jar:/home/jenkins/.m2/repository/org/ow2/asm/asm-analysis/5.0.3/asm-analysis-5.0.3.jar:/home/jenkins/.m2/repository/org/ow2/asm/asm-tree/5.0.3/asm-tree-5.0.3.jar:/home/jenkins/.m2/repository/org/ow2/asm/asm-util/5.0.3/asm-util-5.0.3.jar:/home/jenkins/.m2/repository/com/github/jnr/jnr-x86asm/1.0.2/jnr-x86asm-1.0.2.jar:/home/jenkins/.m2/repository/com/github/jnr/jnr-constants/0.9.8/jnr-constants-0.9.8.jar:/home/jenkins/.m2/repository/com/github/jnr/jnr-enxio/0.16/jnr-enxio-0.16.jar:/home/jenkins/.m2/repository/com/github/jnr/jnr-posix/3.0.35/jnr-posix-3.0.35.jar:/home/jenkins/.m2/repository/mysql/mysql-connector-java/8.0.13/mysql-connector-java-8.0.13.jar:/home/jenkins/.m2/repository/com/google/cloud/sql/postgres-socket-factory/1.0.11/postgres-socket-factory-1.0.11.jar:/home/jenkins/.m2/repository/org/postgresql/postgresql/42.2.5/postgresql-42.2.5.jar:/home/jenkins/.m2/repository/com/zaxxer/HikariCP/3.2.0/HikariCP-3.2.0.jar:/tmp/releaser77426136284171318/spring-cloud-gcp/spring-cloud-gcp-storage/target/spring-cloud-gcp-storage-1.1.0.BUILD-SNAPSHOT.jar:/home/jenkins/.m2/repository/com/google/cloud/google-cloud-storage/1.54.0/google-cloud-storage-1.54.0.jar:/home/jenkins/.m2/repository/com/google/cloud/google-cloud-core-http/1.54.0/google-cloud-core-http-1.54.0.jar:/home/jenkins/.m2/repository/com/google/oauth-client/google-oauth-client/1.27.0/google-oauth-client-1.27.0.jar:/home/jenkins/.m2/repository/com/google/http-client/google-http-client-appengine/1.27.0/google-http-client-appengine-1.27.0.jar:/home/jenkins/.m2/repository/com/google/http-client/google-http-client-jackson2/1.27.0/google-http-client-jackson2-1.27.0.jar:/home/jenkins/.m2/repository/com/google/api/gax-httpjson/0.52.0/gax-httpjson-0.52.0.jar:/home/jenkins/.m2/repository/io/opencensus/opencensus-contrib-http-util/0.15.0/opencensus-contrib-http-util-0.15.0.jar:/home/jenkins/.m2/repository/com/google/apis/google-api-services-storage/v1-rev20181013-1.27.0/google-api-services-storage-v1-rev20181013-1.27.0.jar:/home/jenkins/.m2/repository/org/springframework/boot/spring-boot-starter-web/2.1.1.RELEASE/spring-boot-starter-web-2.1.1.RELEASE.jar:/home/jenkins/.m2/repository/org/springframework/boot/spring-boot-starter/2.1.1.RELEASE/spring-boot-starter-2.1.1.RELEASE.jar:/home/jenkins/.m2/repository/org/springframework/boot/spring-boot-starter-logging/2.1.1.RELEASE/spring-boot-starter-logging-2.1.1.RELEASE.jar:/home/jenkins/.m2/repository/org/apache/logging/log4j/log4j-to-slf4j/2.11.1/log4j-to-slf4j-2.11.1.jar:/home/jenkins/.m2/repository/org/apache/logging/log4j/log4j-api/2.11.1/log4j-api-2.11.1.jar:/home/jenkins/.m2/repository/org/slf4j/jul-to-slf4j/1.7.25/jul-to-slf4j-1.7.25.jar:/home/jenkins/.m2/repository/javax/annotation/javax.annotation-api/1.3.2/javax.annotation-api-1.3.2.jar:/home/jenkins/.m2/repository/org/yaml/snakeyaml/1.23/snakeyaml-1.23.jar:/home/jenkins/.m2/repository/org/springframework/boot/spring-boot-starter-json/2.1.1.RELEASE/spring-boot-starter-json-2.1.1.RELEASE.jar:/home/jenkins/.m2/repository/com/fasterxml/jackson/datatype/jackson-datatype-jdk8/2.9.7/jackson-datatype-jdk8-2.9.7.jar:/home/jenkins/.m2/repository/com/fasterxml/jackson/datatype/jackson-datatype-jsr310/2.9.7/jackson-datatype-jsr310-2.9.7.jar:/home/jenkins/.m2/repository/com/fasterxml/jackson/module/jackson-module-parameter-names/2.9.7/jackson-module-parameter-names-2.9.7.jar:/home/jenkins/.m2/repository/org/springframework/boot/spring-boot-starter-tomcat/2.1.1.RELEASE/spring-boot-starter-tomcat-2.1.1.RELEASE.jar:/home/jenkins/.m2/repository/org/apache/tomcat/embed/tomcat-embed-core/9.0.13/tomcat-embed-core-9.0.13.jar:/home/jenkins/.m2/repository/org/apache/tomcat/embed/tomcat-embed-el/9.0.13/tomcat-embed-el-9.0.13.jar:/home/jenkins/.m2/repository/org/apache/tomcat/embed/tomcat-embed-websocket/9.0.13/tomcat-embed-websocket-9.0.13.jar:/home/jenkins/.m2/repository/org/hibernate/validator/hibernate-validator/6.0.13.Final/hibernate-validator-6.0.13.Final.jar:/home/jenkins/.m2/repository/javax/validation/validation-api/2.0.1.Final/validation-api-2.0.1.Final.jar:/home/jenkins/.m2/repository/org/jboss/logging/jboss-logging/3.3.2.Final/jboss-logging-3.3.2.Final.jar:/home/jenkins/.m2/repository/com/fasterxml/classmate/1.4.0/classmate-1.4.0.jar:/tmp/releaser77426136284171318/spring-cloud-gcp/spring-cloud-gcp-data-datastore/target/spring-cloud-gcp-data-datastore-1.1.0.BUILD-SNAPSHOT.jar:/home/jenkins/.m2/repository/com/google/cloud/google-cloud-datastore/1.54.0/google-cloud-datastore-1.54.0.jar:/home/jenkins/.m2/repository/com/google/api/grpc/proto-google-cloud-datastore-v1/0.37.0/proto-google-cloud-datastore-v1-0.37.0.jar:/home/jenkins/.m2/repository/com/google/cloud/datastore/datastore-v1-proto-client/1.6.0/datastore-v1-proto-client-1.6.0.jar:/home/jenkins/.m2/repository/com/google/http-client/google-http-client-protobuf/1.20.0/google-http-client-protobuf-1.20.0.jar:/home/jenkins/.m2/repository/com/google/http-client/google-http-client-jackson/1.20.0/google-http-client-jackson-1.20.0.jar:/home/jenkins/.m2/repository/org/codehaus/jackson/jackson-core-asl/1.9.11/jackson-core-asl-1.9.11.jar:/home/jenkins/.m2/repository/io/grpc/grpc-core/1.16.1/grpc-core-1.16.1.jar:/home/jenkins/.m2/repository/io/opencensus/opencensus-contrib-grpc-metrics/0.12.3/opencensus-contrib-grpc-metrics-0.12.3.jar:/home/jenkins/.m2/repository/org/springframework/data/spring-data-commons/2.1.3.RELEASE/spring-data-commons-2.1.3.RELEASE.jar:/tmp/releaser77426136284171318/spring-cloud-gcp/spring-cloud-gcp-data-spanner/target/spring-cloud-gcp-data-spanner-1.1.0.BUILD-SNAPSHOT.jar:/home/jenkins/.m2/repository/com/google/cloud/google-cloud-spanner/0.72.0-beta/google-cloud-spanner-0.72.0-beta.jar:/home/jenkins/.m2/repository/com/google/api/grpc/proto-google-cloud-spanner-v1/0.37.0/proto-google-cloud-spanner-v1-0.37.0.jar:/home/jenkins/.m2/repository/com/google/api/grpc/proto-google-cloud-spanner-admin-database-v1/0.37.0/proto-google-cloud-spanner-admin-database-v1-0.37.0.jar:/home/jenkins/.m2/repository/com/google/api/grpc/proto-google-cloud-spanner-admin-instance-v1/0.37.0/proto-google-cloud-spanner-admin-instance-v1-0.37.0.jar:/home/jenkins/.m2/repository/com/google/api/grpc/grpc-google-cloud-spanner-v1/0.37.0/grpc-google-cloud-spanner-v1-0.37.0.jar:/home/jenkins/.m2/repository/com/google/api/grpc/grpc-google-cloud-spanner-admin-database-v1/0.37.0/grpc-google-cloud-spanner-admin-database-v1-0.37.0.jar:/home/jenkins/.m2/repository/com/google/api/grpc/grpc-google-cloud-spanner-admin-instance-v1/0.37.0/grpc-google-cloud-spanner-admin-instance-v1-0.37.0.jar:/home/jenkins/.m2/repository/com/google/api/grpc/grpc-google-common-protos/1.12.0/grpc-google-common-protos-1.12.0.jar:/home/jenkins/.m2/repository/io/opencensus/opencensus-api/0.15.0/opencensus-api-0.15.0.jar:/home/jenkins/.m2/repository/io/opencensus/opencensus-contrib-grpc-util/0.15.0/opencensus-contrib-grpc-util-0.15.0.jar:/home/jenkins/.m2/repository/org/springframework/data/spring-data-rest-webmvc/3.1.3.RELEASE/spring-data-rest-webmvc-3.1.3.RELEASE.jar:/home/jenkins/.m2/repository/org/springframework/data/spring-data-rest-core/3.1.3.RELEASE/spring-data-rest-core-3.1.3.RELEASE.jar:/home/jenkins/.m2/repository/org/springframework/hateoas/spring-hateoas/0.25.0.RELEASE/spring-hateoas-0.25.0.RELEASE.jar:/home/jenkins/.m2/repository/org/springframework/plugin/spring-plugin-core/1.2.0.RELEASE/spring-plugin-core-1.2.0.RELEASE.jar:/home/jenkins/.m2/repository/org/atteo/evo-inflector/1.2.2/evo-inflector-1.2.2.jar:/home/jenkins/.m2/repository/com/fasterxml/jackson/core/jackson-databind/2.9.7/jackson-databind-2.9.7.jar:/home/jenkins/.m2/repository/com/fasterxml/jackson/core/jackson-core/2.9.7/jackson-core-2.9.7.jar:/home/jenkins/.m2/repository/com/fasterxml/jackson/core/jackson-annotations/2.9.0/jackson-annotations-2.9.0.jar:/home/jenkins/.m2/repository/org/springframework/cloud/spring-cloud-sleuth-core/2.1.0.BUILD-SNAPSHOT/spring-cloud-sleuth-core-2.1.0.BUILD-SNAPSHOT.jar:/home/jenkins/.m2/repository/org/springframework/cloud/spring-cloud-commons/2.1.0.BUILD-SNAPSHOT/spring-cloud-commons-2.1.0.BUILD-SNAPSHOT.jar:/home/jenkins/.m2/repository/org/aspectj/aspectjrt/1.9.2/aspectjrt-1.9.2.jar:/home/jenkins/.m2/repository/io/zipkin/brave/brave/5.6.0/brave-5.6.0.jar:/home/jenkins/.m2/repository/io/zipkin/brave/brave-context-log4j2/5.6.0/brave-context-log4j2-5.6.0.jar:/home/jenkins/.m2/repository/io/zipkin/brave/brave-instrumentation-spring-web/5.6.0/brave-instrumentation-spring-web-5.6.0.jar:/home/jenkins/.m2/repository/io/zipkin/brave/brave-instrumentation-http/5.6.0/brave-instrumentation-http-5.6.0.jar:/home/jenkins/.m2/repository/io/zipkin/brave/brave-instrumentation-spring-rabbit/5.6.0/brave-instrumentation-spring-rabbit-5.6.0.jar:/home/jenkins/.m2/repository/io/zipkin/brave/brave-instrumentation-kafka-clients/5.6.0/brave-instrumentation-kafka-clients-5.6.0.jar:/home/jenkins/.m2/repository/io/zipkin/brave/brave-instrumentation-httpclient/5.6.0/brave-instrumentation-httpclient-5.6.0.jar:/home/jenkins/.m2/repository/io/zipkin/brave/brave-instrumentation-httpasyncclient/5.6.0/brave-instrumentation-httpasyncclient-5.6.0.jar:/home/jenkins/.m2/repository/io/zipkin/brave/brave-instrumentation-spring-webmvc/5.6.0/brave-instrumentation-spring-webmvc-5.6.0.jar:/home/jenkins/.m2/repository/io/zipkin/brave/brave-instrumentation-servlet/5.6.0/brave-instrumentation-servlet-5.6.0.jar:/home/jenkins/.m2/repository/io/zipkin/brave/brave-instrumentation-jms/5.6.0/brave-instrumentation-jms-5.6.0.jar:/home/jenkins/.m2/repository/io/zipkin/gcp/zipkin-sender-stackdriver/0.9.0/zipkin-sender-stackdriver-0.9.0.jar:/home/jenkins/.m2/repository/io/zipkin/gcp/zipkin-translation-stackdriver/0.9.0/zipkin-translation-stackdriver-0.9.0.jar:/home/jenkins/.m2/repository/io/zipkin/reporter2/zipkin-reporter/2.7.13/zipkin-reporter-2.7.13.jar:/home/jenkins/.m2/repository/com/google/api/grpc/grpc-google-devtools-cloudtrace-v1/0.1.1/grpc-google-devtools-cloudtrace-v1-0.1.1.jar:/home/jenkins/.m2/repository/io/grpc/grpc-protobuf/1.17.0/grpc-protobuf-1.17.0.jar:/home/jenkins/.m2/repository/io/grpc/grpc-protobuf-lite/1.17.0/grpc-protobuf-lite-1.17.0.jar:/home/jenkins/.m2/repository/io/zipkin/zipkin2/zipkin/2.11.11/zipkin-2.11.11-tests.jar:/home/jenkins/.m2/repository/io/zipkin/zipkin2/zipkin/2.11.11/zipkin-2.11.11.jar:/home/jenkins/.m2/repository/org/aspectj/aspectjweaver/1.9.2/aspectjweaver-1.9.2.jar:/home/jenkins/.m2/repository/org/springframework/cloud/spring-cloud-sleuth-zipkin/2.1.0.BUILD-SNAPSHOT/spring-cloud-sleuth-zipkin-2.1.0.BUILD-SNAPSHOT.jar:/home/jenkins/.m2/repository/io/zipkin/reporter2/zipkin-sender-kafka11/2.7.13/zipkin-sender-kafka11-2.7.13.jar:/home/jenkins/.m2/repository/io/zipkin/reporter2/zipkin-sender-amqp-client/2.7.13/zipkin-sender-amqp-client-2.7.13.jar:/home/jenkins/.m2/repository/io/zipkin/gcp/brave-propagation-stackdriver/0.9.0/brave-propagation-stackdriver-0.9.0.jar:/home/jenkins/.m2/repository/com/google/cloud/google-cloud-vision/1.54.0/google-cloud-vision-1.54.0.jar:/home/jenkins/.m2/repository/com/google/cloud/google-cloud-core-grpc/1.54.0/google-cloud-core-grpc-1.54.0.jar:/home/jenkins/.m2/repository/com/google/auth/google-auth-library-credentials/0.12.0/google-auth-library-credentials-0.12.0.jar:/home/jenkins/.m2/repository/com/google/protobuf/protobuf-java/3.6.1/protobuf-java-3.6.1.jar:/home/jenkins/.m2/repository/io/grpc/grpc-context/1.16.1/grpc-context-1.16.1.jar:/home/jenkins/.m2/repository/com/google/api/grpc/proto-google-cloud-vision-v1/1.36.0/proto-google-cloud-vision-v1-1.36.0.jar:/home/jenkins/.m2/repository/com/google/api/grpc/proto-google-cloud-vision-v1p1beta1/0.37.0/proto-google-cloud-vision-v1p1beta1-0.37.0.jar:/home/jenkins/.m2/repository/com/google/api/grpc/proto-google-cloud-vision-v1p2beta1/1.36.0/proto-google-cloud-vision-v1p2beta1-1.36.0.jar:/home/jenkins/.m2/repository/com/google/api/grpc/proto-google-cloud-vision-v1p3beta1/0.37.0/proto-google-cloud-vision-v1p3beta1-0.37.0.jar:/home/jenkins/.m2/repository/io/grpc/grpc-netty-shaded/1.16.1/grpc-netty-shaded-1.16.1.jar:/home/jenkins/.m2/repository/io/grpc/grpc-stub/1.16.1/grpc-stub-1.16.1.jar:/home/jenkins/.m2/repository/io/grpc/grpc-auth/1.16.1/grpc-auth-1.16.1.jar:/tmp/releaser77426136284171318/spring-cloud-gcp/spring-cloud-gcp-vision/target/spring-cloud-gcp-vision-1.1.0.BUILD-SNAPSHOT.jar:/home/jenkins/.m2/repository/org/springframework/cloud/spring-cloud-context/2.1.0.BUILD-SNAPSHOT/spring-cloud-context-2.1.0.BUILD-SNAPSHOT.jar:/home/jenkins/.m2/repository/org/springframework/security/spring-security-crypto/5.1.2.RELEASE/spring-security-crypto-5.1.2.RELEASE.jar:/tmp/releaser77426136284171318/spring-cloud-gcp/spring-cloud-gcp-security-iap/target/spring-cloud-gcp-security-iap-1.1.0.BUILD-SNAPSHOT.jar:/home/jenkins/.m2/repository/org/springframework/security/spring-security-oauth2-core/5.1.2.RELEASE/spring-security-oauth2-core-5.1.2.RELEASE.jar:/home/jenkins/.m2/repository/org/springframework/security/spring-security-oauth2-jose/5.1.2.RELEASE/spring-security-oauth2-jose-5.1.2.RELEASE.jar:/home/jenkins/.m2/repository/com/nimbusds/nimbus-jose-jwt/6.0.2/nimbus-jose-jwt-6.0.2.jar:/home/jenkins/.m2/repository/com/github/stephenc/jcip/jcip-annotations/1.0-1/jcip-annotations-1.0-1.jar:/home/jenkins/.m2/repository/com/google/cloud/google-cloud-resourcemanager/0.72.0-alpha/google-cloud-resourcemanager-0.72.0-alpha.jar:/home/jenkins/.m2/repository/com/google/apis/google-api-services-cloudresourcemanager/v1-rev20181015-1.27.0/google-api-services-cloudresourcemanager-v1-rev20181015-1.27.0.jar:/home/jenkins/.m2/repository/org/springframework/security/spring-security-config/5.1.2.RELEASE/spring-security-config-5.1.2.RELEASE.jar:/home/jenkins/.m2/repository/org/springframework/security/spring-security-core/5.1.2.RELEASE/spring-security-core-5.1.2.RELEASE.jar:/home/jenkins/.m2/repository/org/springframework/security/spring-security-oauth2-resource-server/5.1.2.RELEASE/spring-security-oauth2-resource-server-5.1.2.RELEASE.jar:/home/jenkins/.m2/repository/org/springframework/security/spring-security-web/5.1.2.RELEASE/spring-security-web-5.1.2.RELEASE.jar:/home/jenkins/.m2/repository/commons-io/commons-io/2.5/commons-io-2.5.jar:/home/jenkins/.m2/repository/org/codehaus/janino/janino/3.0.11/janino-3.0.11.jar:/home/jenkins/.m2/repository/org/codehaus/janino/commons-compiler/3.0.11/commons-compiler-3.0.11.jar:/home/jenkins/.m2/repository/org/awaitility/awaitility/3.1.2/awaitility-3.1.2.jar:/home/jenkins/.m2/repository/org/hamcrest/hamcrest-library/1.3/hamcrest-library-1.3.jar:/home/jenkins/.m2/repository/org/hamcrest/hamcrest-core/1.3/hamcrest-core-1.3.jar:/home/jenkins/.m2/repository/org/objenesis/objenesis/2.6/objenesis-2.6.jar:/home/jenkins/.m2/repository/junit/junit/4.12/junit-4.12.jar:/home/jenkins/.m2/repository/org/slf4j/slf4j-api/1.7.25/slf4j-api-1.7.25.jar:/home/jenkins/.m2/repository/org/mockito/mockito-core/2.23.4/mockito-core-2.23.4.jar:/home/jenkins/.m2/repository/net/bytebuddy/byte-buddy/1.9.5/byte-buddy-1.9.5.jar:/home/jenkins/.m2/repository/net/bytebuddy/byte-buddy-agent/1.9.5/byte-buddy-agent-1.9.5.jar:/home/jenkins/.m2/repository/org/springframework/boot/spring-boot-starter-test/2.1.1.RELEASE/spring-boot-starter-test-2.1.1.RELEASE.jar:/home/jenkins/.m2/repository/org/springframework/boot/spring-boot-test/2.1.1.RELEASE/spring-boot-test-2.1.1.RELEASE.jar:/home/jenkins/.m2/repository/org/springframework/boot/spring-boot-test-autoconfigure/2.1.1.RELEASE/spring-boot-test-autoconfigure-2.1.1.RELEASE.jar:/home/jenkins/.m2/repository/com/jayway/jsonpath/json-path/2.4.0/json-path-2.4.0.jar:/home/jenkins/.m2/repository/net/minidev/json-smart/2.3/json-smart-2.3.jar:/home/jenkins/.m2/repository/net/minidev/accessors-smart/1.2/accessors-smart-1.2.jar:/home/jenkins/.m2/repository/org/assertj/assertj-core/3.11.1/assertj-core-3.11.1.jar:/home/jenkins/.m2/repository/org/skyscreamer/jsonassert/1.5.0/jsonassert-1.5.0.jar:/home/jenkins/.m2/repository/com/vaadin/external/google/android-json/0.0.20131108.vaadin1/android-json-0.0.20131108.vaadin1.jar:/home/jenkins/.m2/repository/org/springframework/spring-test/5.1.3.RELEASE/spring-test-5.1.3.RELEASE.jar:/home/jenkins/.m2/repository/org/xmlunit/xmlunit-core/2.6.2/xmlunit-core-2.6.2.jar:"/>
    <property name="sun.cpu.endian" value="little"/>
    <property name="user.home" value="/home/jenkins"/>
    <property name="user.language" value="en"/>
    <property name="java.specification.vendor" value="Oracle Corporation"/>
    <property name="java.home" value="/opt/jenkins/data/tools/hudson.model.JDK/jdk8/jdk1.8.0_161/jre"/>
    <property name="basedir" value="/tmp/releaser77426136284171318/spring-cloud-gcp/spring-cloud-gcp-autoconfigure"/>
    <property name="file.separator" value="/"/>
    <property name="line.separator" value="&#10;"/>
    <property name="java.vm.specification.vendor" value="Oracle Corporation"/>
    <property name="java.specification.name" value="Java Platform API Specification"/>
    <property name="java.awt.graphicsenv" value="sun.awt.X11GraphicsEnvironment"/>
    <property name="surefire.real.class.path" value="/tmp/releaser77426136284171318/spring-cloud-gcp/spring-cloud-gcp-autoconfigure/target/surefire/surefirebooter3228525570434892497.jar"/>
    <property name="gpg.publicKeyring" value="/opt/jenkins/data/workspace/spring-cloud-meta-releaser@tmp/secretFiles/89735467-4c90-4ab1-8532-a71bc7ba3180/pubring.gpg"/>
    <property name="sun.boot.class.path" value="/opt/jenkins/data/tools/hudson.model.JDK/jdk8/jdk1.8.0_161/jre/lib/resources.jar:/opt/jenkins/data/tools/hudson.model.JDK/jdk8/jdk1.8.0_161/jre/lib/rt.jar:/opt/jenkins/data/tools/hudson.model.JDK/jdk8/jdk1.8.0_161/jre/lib/sunrsasign.jar:/opt/jenkins/data/tools/hudson.model.JDK/jdk8/jdk1.8.0_161/jre/lib/jsse.jar:/opt/jenkins/data/tools/hudson.model.JDK/jdk8/jdk1.8.0_161/jre/lib/jce.jar:/opt/jenkins/data/tools/hudson.model.JDK/jdk8/jdk1.8.0_161/jre/lib/charsets.jar:/opt/jenkins/data/tools/hudson.model.JDK/jdk8/jdk1.8.0_161/jre/lib/jfr.jar:/opt/jenkins/data/tools/hudson.model.JDK/jdk8/jdk1.8.0_161/jre/classes"/>
    <property name="sun.management.compiler" value="HotSpot 64-Bit Tiered Compilers"/>
    <property name="java.runtime.version" value="1.8.0_161-b12"/>
    <property name="user.name" value="jenkins"/>
    <property name="path.separator" value=":"/>
    <property name="os.version" value="3.13.0-162-generic"/>
    <property name="java.endorsed.dirs" value="/opt/jenkins/data/tools/hudson.model.JDK/jdk8/jdk1.8.0_161/jre/lib/endorsed"/>
    <property name="java.runtime.name" value="Java(TM) SE Runtime Environment"/>
    <property name="altSnapshotDeploymentRepository" value="repo.spring.io::default::https://repo.spring.io/libs-snapshot-local"/>
    <property name="file.encoding" value="UTF-8"/>
    <property name="java.vm.name" value="Java HotSpot(TM) 64-Bit Server VM"/>
    <property name="localRepository" value="/home/jenkins/.m2/repository"/>
    <property name="java.vendor.url.bug" value="http://bugreport.sun.com/bugreport/"/>
    <property name="java.io.tmpdir" value="/tmp"/>
    <property name="java.version" value="1.8.0_161"/>
    <property name="user.dir" value="/tmp/releaser77426136284171318/spring-cloud-gcp/spring-cloud-gcp-autoconfigure"/>
    <property name="os.arch" value="amd64"/>
    <property name="java.vm.specification.name" value="Java Virtual Machine Specification"/>
    <property name="java.awt.printerjob" value="sun.print.PSPrinterJob"/>
    <property name="sun.os.patch.level" value="unknown"/>
    <property name="SONATYPE_USER" value="lKxqmLaP"/>
    <property name="java.library.path" value="/usr/java/packages/lib/amd64:/usr/lib64:/lib64:/lib:/usr/lib"/>
    <property name="java.vm.info" value="mixed mode"/>
    <property name="java.vendor" value="Oracle Corporation"/>
    <property name="java.vm.version" value="25.161-b12"/>
    <property name="gpg.secretKeyring" value="/opt/jenkins/data/workspace/spring-cloud-meta-releaser@tmp/secretFiles/251393e5-4fba-4622-a440-60acbcce754f/secring.gpg"/>
    <property name="java.ext.dirs" value="/opt/jenkins/data/tools/hudson.model.JDK/jdk8/jdk1.8.0_161/jre/lib/ext:/usr/java/packages/lib/ext"/>
    <property name="sun.io.unicode.encoding" value="UnicodeLittle"/>
    <property name="java.class.version" value="52.0"/>
  </properties>
  <testcase name="testNonWebAppConfiguration" classname="org.springframework.cloud.gcp.autoconfigure.logging.StackdriverLoggingAutoConfigurationTests" time="0.014"/>
  <testcase name="testNonServletConfiguration" classname="org.springframework.cloud.gcp.autoconfigure.logging.StackdriverLoggingAutoConfigurationTests" time="0.018"/>
  <testcase name="testDisabledConfiguration" classname="org.springframework.cloud.gcp.autoconfigure.logging.StackdriverLoggingAutoConfigurationTests" time="0.022"/>
  <testcase name="testRegularConfiguration" classname="org.springframework.cloud.gcp.autoconfigure.logging.StackdriverLoggingAutoConfigurationTests" time="0.021"/>
  <testcase name="testWithSleuth" classname="org.springframework.cloud.gcp.autoconfigure.logging.StackdriverLoggingAutoConfigurationTests" time="0.032"/>
</testsuite>