<?xml version="1.0" encoding="UTF-8"?>
<testsuite xmlns:xsi="http://www.w3.org/2001/XMLSchema-instance" xsi:noNamespaceSchemaLocation="https://maven.apache.org/surefire/maven-surefire-plugin/xsd/surefire-test-report.xsd" name="com.example.RegistrationApplicationTests" time="0.37" tests="1" errors="0" skipped="1" failures="0">
  <properties>
    <property name="awt.toolkit" value="sun.awt.X11.XToolkit"/>
    <property name="file.encoding.pkg" value="sun.io"/>
    <property name="java.specification.version" value="1.8"/>
    <property name="sun.cpu.isalist" value=""/>
    <property name="sun.jnu.encoding" value="UTF-8"/>
    <property name="SONATYPE_PASSWORD" value="btStP/BHceYmyzbKDYklRLq4as0Nv1i7OcwCiJQY0w2X"/>
    <property name="java.class.path" value="/tmp/releaser77426136284171318/spring-cloud-gcp/spring-cloud-gcp-kotlin-samples/spring-cloud-gcp-kotlin-app-sample/target/test-classes:/tmp/releaser77426136284171318/spring-cloud-gcp/spring-cloud-gcp-kotlin-samples/spring-cloud-gcp-kotlin-app-sample/target/classes:/home/jenkins/.m2/repository/org/jetbrains/kotlin/kotlin-reflect/1.2.71/kotlin-reflect-1.2.71.jar:/home/jenkins/.m2/repository/org/springframework/boot/spring-boot-starter-web/2.1.1.RELEASE/spring-boot-starter-web-2.1.1.RELEASE.jar:/home/jenkins/.m2/repository/org/springframework/boot/spring-boot-starter/2.1.1.RELEASE/spring-boot-starter-2.1.1.RELEASE.jar:/home/jenkins/.m2/repository/org/springframework/boot/spring-boot/2.1.1.RELEASE/spring-boot-2.1.1.RELEASE.jar:/home/jenkins/.m2/repository/org/springframework/boot/spring-boot-autoconfigure/2.1.1.RELEASE/spring-boot-autoconfigure-2.1.1.RELEASE.jar:/home/jenkins/.m2/repository/org/springframework/boot/spring-boot-starter-logging/2.1.1.RELEASE/spring-boot-starter-logging-2.1.1.RELEASE.jar:/home/jenkins/.m2/repository/ch/qos/logback/logback-classic/1.2.3/logback-classic-1.2.3.jar:/home/jenkins/.m2/repository/ch/qos/logback/logback-core/1.2.3/logback-core-1.2.3.jar:/home/jenkins/.m2/repository/org/apache/logging/log4j/log4j-to-slf4j/2.11.1/log4j-to-slf4j-2.11.1.jar:/home/jenkins/.m2/repository/org/apache/logging/log4j/log4j-api/2.11.1/log4j-api-2.11.1.jar:/home/jenkins/.m2/repository/org/slf4j/jul-to-slf4j/1.7.25/jul-to-slf4j-1.7.25.jar:/home/jenkins/.m2/repository/javax/annotation/javax.annotation-api/1.3.2/javax.annotation-api-1.3.2.jar:/home/jenkins/.m2/repository/org/yaml/snakeyaml/1.23/snakeyaml-1.23.jar:/home/jenkins/.m2/repository/org/springframework/boot/spring-boot-starter-json/2.1.1.RELEASE/spring-boot-starter-json-2.1.1.RELEASE.jar:/home/jenkins/.m2/repository/com/fasterxml/jackson/core/jackson-databind/2.9.7/jackson-databind-2.9.7.jar:/home/jenkins/.m2/repository/com/fasterxml/jackson/core/jackson-annotations/2.9.0/jackson-annotations-2.9.0.jar:/home/jenkins/.m2/repository/com/fasterxml/jackson/core/jackson-core/2.9.7/jackson-core-2.9.7.jar:/home/jenkins/.m2/repository/com/fasterxml/jackson/datatype/jackson-datatype-jdk8/2.9.7/jackson-datatype-jdk8-2.9.7.jar:/home/jenkins/.m2/repository/com/fasterxml/jackson/datatype/jackson-datatype-jsr310/2.9.7/jackson-datatype-jsr310-2.9.7.jar:/home/jenkins/.m2/repository/com/fasterxml/jackson/module/jackson-module-parameter-names/2.9.7/jackson-module-parameter-names-2.9.7.jar:/home/jenkins/.m2/repository/org/springframework/boot/spring-boot-starter-tomcat/2.1.1.RELEASE/spring-boot-starter-tomcat-2.1.1.RELEASE.jar:/home/jenkins/.m2/repository/org/apache/tomcat/embed/tomcat-embed-core/9.0.13/tomcat-embed-core-9.0.13.jar:/home/jenkins/.m2/repository/org/apache/tomcat/embed/tomcat-embed-el/9.0.13/tomcat-embed-el-9.0.13.jar:/home/jenkins/.m2/repository/org/apache/tomcat/embed/tomcat-embed-websocket/9.0.13/tomcat-embed-websocket-9.0.13.jar:/home/jenkins/.m2/repository/org/hibernate/validator/hibernate-validator/6.0.13.Final/hibernate-validator-6.0.13.Final.jar:/home/jenkins/.m2/repository/javax/validation/validation-api/2.0.1.Final/validation-api-2.0.1.Final.jar:/home/jenkins/.m2/repository/org/jboss/logging/jboss-logging/3.3.2.Final/jboss-logging-3.3.2.Final.jar:/home/jenkins/.m2/repository/com/fasterxml/classmate/1.4.0/classmate-1.4.0.jar:/home/jenkins/.m2/repository/org/springframework/spring-web/5.1.3.RELEASE/spring-web-5.1.3.RELEASE.jar:/home/jenkins/.m2/repository/org/springframework/spring-beans/5.1.3.RELEASE/spring-beans-5.1.3.RELEASE.jar:/home/jenkins/.m2/repository/org/springframework/spring-webmvc/5.1.3.RELEASE/spring-webmvc-5.1.3.RELEASE.jar:/home/jenkins/.m2/repository/org/springframework/spring-expression/5.1.3.RELEASE/spring-expression-5.1.3.RELEASE.jar:/home/jenkins/.m2/repository/org/springframework/boot/spring-boot-starter-data-jpa/2.1.1.RELEASE/spring-boot-starter-data-jpa-2.1.1.RELEASE.jar:/home/jenkins/.m2/repository/org/springframework/boot/spring-boot-starter-aop/2.1.1.RELEASE/spring-boot-starter-aop-2.1.1.RELEASE.jar:/home/jenkins/.m2/repository/org/aspectj/aspectjweaver/1.9.2/aspectjweaver-1.9.2.jar:/home/jenkins/.m2/repository/org/springframework/boot/spring-boot-starter-jdbc/2.1.1.RELEASE/spring-boot-starter-jdbc-2.1.1.RELEASE.jar:/home/jenkins/.m2/repository/com/zaxxer/HikariCP/3.2.0/HikariCP-3.2.0.jar:/home/jenkins/.m2/repository/org/springframework/spring-jdbc/5.1.3.RELEASE/spring-jdbc-5.1.3.RELEASE.jar:/home/jenkins/.m2/repository/javax/transaction/javax.transaction-api/1.3/javax.transaction-api-1.3.jar:/home/jenkins/.m2/repository/javax/xml/bind/jaxb-api/2.3.1/jaxb-api-2.3.1.jar:/home/jenkins/.m2/repository/javax/activation/javax.activation-api/1.2.0/javax.activation-api-1.2.0.jar:/home/jenkins/.m2/repository/org/hibernate/hibernate-core/5.3.7.Final/hibernate-core-5.3.7.Final.jar:/home/jenkins/.m2/repository/javax/persistence/javax.persistence-api/2.2/javax.persistence-api-2.2.jar:/home/jenkins/.m2/repository/org/javassist/javassist/3.23.1-GA/javassist-3.23.1-GA.jar:/home/jenkins/.m2/repository/antlr/antlr/2.7.7/antlr-2.7.7.jar:/home/jenkins/.m2/repository/org/jboss/jandex/2.0.5.Final/jandex-2.0.5.Final.jar:/home/jenkins/.m2/repository/org/dom4j/dom4j/2.1.1/dom4j-2.1.1.jar:/home/jenkins/.m2/repository/org/hibernate/common/hibernate-commons-annotations/5.0.4.Final/hibernate-commons-annotations-5.0.4.Final.jar:/home/jenkins/.m2/repository/org/springframework/data/spring-data-jpa/2.1.3.RELEASE/spring-data-jpa-2.1.3.RELEASE.jar:/home/jenkins/.m2/repository/org/springframework/data/spring-data-commons/2.1.3.RELEASE/spring-data-commons-2.1.3.RELEASE.jar:/home/jenkins/.m2/repository/org/springframework/spring-orm/5.1.3.RELEASE/spring-orm-5.1.3.RELEASE.jar:/home/jenkins/.m2/repository/org/springframework/spring-aspects/5.1.3.RELEASE/spring-aspects-5.1.3.RELEASE.jar:/home/jenkins/.m2/repository/org/springframework/integration/spring-integration-core/5.1.1.RELEASE/spring-integration-core-5.1.1.RELEASE.jar:/home/jenkins/.m2/repository/org/springframework/spring-core/5.1.3.RELEASE/spring-core-5.1.3.RELEASE.jar:/home/jenkins/.m2/repository/org/springframework/spring-jcl/5.1.3.RELEASE/spring-jcl-5.1.3.RELEASE.jar:/home/jenkins/.m2/repository/org/springframework/spring-aop/5.1.3.RELEASE/spring-aop-5.1.3.RELEASE.jar:/home/jenkins/.m2/repository/org/springframework/spring-context/5.1.3.RELEASE/spring-context-5.1.3.RELEASE.jar:/home/jenkins/.m2/repository/org/springframework/spring-messaging/5.1.3.RELEASE/spring-messaging-5.1.3.RELEASE.jar:/home/jenkins/.m2/repository/org/springframework/spring-tx/5.1.3.RELEASE/spring-tx-5.1.3.RELEASE.jar:/home/jenkins/.m2/repository/org/springframework/retry/spring-retry/1.2.2.RELEASE/spring-retry-1.2.2.RELEASE.jar:/home/jenkins/.m2/repository/io/projectreactor/reactor-core/3.2.3.RELEASE/reactor-core-3.2.3.RELEASE.jar:/home/jenkins/.m2/repository/org/reactivestreams/reactive-streams/1.0.2/reactive-streams-1.0.2.jar:/home/jenkins/.m2/repository/org/springframework/boot/spring-boot-starter-thymeleaf/2.1.1.RELEASE/spring-boot-starter-thymeleaf-2.1.1.RELEASE.jar:/home/jenkins/.m2/repository/org/thymeleaf/thymeleaf-spring5/3.0.11.RELEASE/thymeleaf-spring5-3.0.11.RELEASE.jar:/home/jenkins/.m2/repository/org/thymeleaf/thymeleaf/3.0.11.RELEASE/thymeleaf-3.0.11.RELEASE.jar:/home/jenkins/.m2/repository/org/attoparser/attoparser/2.0.5.RELEASE/attoparser-2.0.5.RELEASE.jar:/home/jenkins/.m2/repository/org/unbescape/unbescape/1.1.6.RELEASE/unbescape-1.1.6.RELEASE.jar:/home/jenkins/.m2/repository/org/thymeleaf/extras/thymeleaf-extras-java8time/3.0.2.RELEASE/thymeleaf-extras-java8time-3.0.2.RELEASE.jar:/tmp/releaser77426136284171318/spring-cloud-gcp/spring-cloud-gcp-starters/spring-cloud-gcp-starter-pubsub/target/spring-cloud-gcp-starter-pubsub-1.1.0.BUILD-SNAPSHOT.jar:/tmp/releaser77426136284171318/spring-cloud-gcp/spring-cloud-gcp-starters/spring-cloud-gcp-starter/target/spring-cloud-gcp-starter-1.1.0.BUILD-SNAPSHOT.jar:/tmp/releaser77426136284171318/spring-cloud-gcp/spring-cloud-gcp-core/target/spring-cloud-gcp-core-1.1.0.BUILD-SNAPSHOT.jar:/home/jenkins/.m2/repository/com/google/cloud/google-cloud-core/1.54.0/google-cloud-core-1.54.0.jar:/home/jenkins/.m2/repository/joda-time/joda-time/2.10.1/joda-time-2.10.1.jar:/home/jenkins/.m2/repository/com/google/http-client/google-http-client/1.27.0/google-http-client-1.27.0.jar:/home/jenkins/.m2/repository/org/apache/httpcomponents/httpclient/4.5.6/httpclient-4.5.6.jar:/home/jenkins/.m2/repository/org/apache/httpcomponents/httpcore/4.4.10/httpcore-4.4.10.jar:/home/jenkins/.m2/repository/commons-codec/commons-codec/1.11/commons-codec-1.11.jar:/home/jenkins/.m2/repository/com/google/j2objc/j2objc-annotations/1.1/j2objc-annotations-1.1.jar:/home/jenkins/.m2/repository/com/google/code/findbugs/jsr305/3.0.2/jsr305-3.0.2.jar:/home/jenkins/.m2/repository/com/google/api/api-common/1.7.0/api-common-1.7.0.jar:/home/jenkins/.m2/repository/com/google/api/gax/1.35.0/gax-1.35.0.jar:/home/jenkins/.m2/repository/org/threeten/threetenbp/1.3.3/threetenbp-1.3.3.jar:/home/jenkins/.m2/repository/com/google/auth/google-auth-library-oauth2-http/0.12.0/google-auth-library-oauth2-http-0.12.0.jar:/home/jenkins/.m2/repository/com/google/protobuf/protobuf-java-util/3.6.1/protobuf-java-util-3.6.1.jar:/home/jenkins/.m2/repository/com/google/code/gson/gson/2.8.5/gson-2.8.5.jar:/home/jenkins/.m2/repository/com/google/api/grpc/proto-google-common-protos/1.12.0/proto-google-common-protos-1.12.0.jar:/home/jenkins/.m2/repository/com/google/api/grpc/proto-google-iam-v1/0.12.0/proto-google-iam-v1-0.12.0.jar:/tmp/releaser77426136284171318/spring-cloud-gcp/spring-cloud-gcp-autoconfigure/target/spring-cloud-gcp-autoconfigure-1.1.0.BUILD-SNAPSHOT.jar:/tmp/releaser77426136284171318/spring-cloud-gcp/spring-cloud-gcp-pubsub/target/spring-cloud-gcp-pubsub-1.1.0.BUILD-SNAPSHOT.jar:/home/jenkins/.m2/repository/com/google/cloud/google-cloud-pubsub/1.54.0/google-cloud-pubsub-1.54.0.jar:/home/jenkins/.m2/repository/com/google/cloud/google-cloud-core-grpc/1.54.0/google-cloud-core-grpc-1.54.0.jar:/home/jenkins/.m2/repository/com/google/auth/google-auth-library-credentials/0.12.0/google-auth-library-credentials-0.12.0.jar:/home/jenkins/.m2/repository/com/google/protobuf/protobuf-java/3.6.1/protobuf-java-3.6.1.jar:/home/jenkins/.m2/repository/io/grpc/grpc-protobuf/1.16.1/grpc-protobuf-1.16.1.jar:/home/jenkins/.m2/repository/io/grpc/grpc-protobuf-lite/1.16.1/grpc-protobuf-lite-1.16.1.jar:/home/jenkins/.m2/repository/io/grpc/grpc-context/1.16.1/grpc-context-1.16.1.jar:/home/jenkins/.m2/repository/com/google/api/gax-grpc/1.35.0/gax-grpc-1.35.0.jar:/home/jenkins/.m2/repository/com/google/api/grpc/proto-google-cloud-pubsub-v1/1.36.0/proto-google-cloud-pubsub-v1-1.36.0.jar:/home/jenkins/.m2/repository/com/google/api/grpc/grpc-google-cloud-pubsub-v1/1.36.0/grpc-google-cloud-pubsub-v1-1.36.0.jar:/home/jenkins/.m2/repository/io/grpc/grpc-netty-shaded/1.16.1/grpc-netty-shaded-1.16.1.jar:/home/jenkins/.m2/repository/io/grpc/grpc-core/1.16.1/grpc-core-1.16.1.jar:/home/jenkins/.m2/repository/com/google/errorprone/error_prone_annotations/2.2.0/error_prone_annotations-2.2.0.jar:/home/jenkins/.m2/repository/org/codehaus/mojo/animal-sniffer-annotations/1.17/animal-sniffer-annotations-1.17.jar:/home/jenkins/.m2/repository/io/opencensus/opencensus-api/0.12.3/opencensus-api-0.12.3.jar:/home/jenkins/.m2/repository/io/opencensus/opencensus-contrib-grpc-metrics/0.12.3/opencensus-contrib-grpc-metrics-0.12.3.jar:/home/jenkins/.m2/repository/io/grpc/grpc-stub/1.16.1/grpc-stub-1.16.1.jar:/home/jenkins/.m2/repository/io/grpc/grpc-auth/1.16.1/grpc-auth-1.16.1.jar:/home/jenkins/.m2/repository/com/google/auto/value/auto-value/1.4/auto-value-1.4.jar:/tmp/releaser77426136284171318/spring-cloud-gcp/spring-cloud-gcp-starters/spring-cloud-gcp-starter-sql-mysql/target/spring-cloud-gcp-starter-sql-mysql-1.1.0.BUILD-SNAPSHOT.jar:/home/jenkins/.m2/repository/com/google/cloud/sql/mysql-socket-factory/1.0.11/mysql-socket-factory-1.0.11.jar:/home/jenkins/.m2/repository/com/google/cloud/sql/jdbc-socket-factory-core/1.0.11/jdbc-socket-factory-core-1.0.11.jar:/home/jenkins/.m2/repository/com/google/apis/google-api-services-sqladmin/v1beta4-rev56-1.23.0/google-api-services-sqladmin-v1beta4-rev56-1.23.0.jar:/home/jenkins/.m2/repository/com/google/api-client/google-api-client/1.23.0/google-api-client-1.23.0.jar:/home/jenkins/.m2/repository/com/google/oauth-client/google-oauth-client/1.23.0/google-oauth-client-1.23.0.jar:/home/jenkins/.m2/repository/com/google/http-client/google-http-client-jackson2/1.23.0/google-http-client-jackson2-1.23.0.jar:/home/jenkins/.m2/repository/com/google/guava/guava/20.0/guava-20.0.jar:/home/jenkins/.m2/repository/com/github/jnr/jnr-unixsocket/0.18/jnr-unixsocket-0.18.jar:/home/jenkins/.m2/repository/com/github/jnr/jnr-ffi/2.1.4/jnr-ffi-2.1.4.jar:/home/jenkins/.m2/repository/com/github/jnr/jffi/1.2.15/jffi-1.2.15.jar:/home/jenkins/.m2/repository/com/github/jnr/jffi/1.2.15/jffi-1.2.15-native.jar:/home/jenkins/.m2/repository/org/ow2/asm/asm/5.0.3/asm-5.0.3.jar:/home/jenkins/.m2/repository/org/ow2/asm/asm-commons/5.0.3/asm-commons-5.0.3.jar:/home/jenkins/.m2/repository/org/ow2/asm/asm-analysis/5.0.3/asm-analysis-5.0.3.jar:/home/jenkins/.m2/repository/org/ow2/asm/asm-tree/5.0.3/asm-tree-5.0.3.jar:/home/jenkins/.m2/repository/org/ow2/asm/asm-util/5.0.3/asm-util-5.0.3.jar:/home/jenkins/.m2/repository/com/github/jnr/jnr-x86asm/1.0.2/jnr-x86asm-1.0.2.jar:/home/jenkins/.m2/repository/com/github/jnr/jnr-constants/0.9.8/jnr-constants-0.9.8.jar:/home/jenkins/.m2/repository/com/github/jnr/jnr-enxio/0.16/jnr-enxio-0.16.jar:/home/jenkins/.m2/repository/com/github/jnr/jnr-posix/3.0.35/jnr-posix-3.0.35.jar:/home/jenkins/.m2/repository/mysql/mysql-connector-java/8.0.13/mysql-connector-java-8.0.13.jar:/home/jenkins/.m2/repository/org/jetbrains/kotlin/kotlin-stdlib/1.3.10/kotlin-stdlib-1.3.10.jar:/home/jenkins/.m2/repository/org/jetbrains/kotlin/kotlin-stdlib-common/1.3.10/kotlin-stdlib-common-1.3.10.jar:/home/jenkins/.m2/repository/org/jetbrains/annotations/13.0/annotations-13.0.jar:/home/jenkins/.m2/repository/org/awaitility/awaitility/3.1.2/awaitility-3.1.2.jar:/home/jenkins/.m2/repository/org/hamcrest/hamcrest-library/1.3/hamcrest-library-1.3.jar:/home/jenkins/.m2/repository/org/hamcrest/hamcrest-core/1.3/hamcrest-core-1.3.jar:/home/jenkins/.m2/repository/org/objenesis/objenesis/2.6/objenesis-2.6.jar:/home/jenkins/.m2/repository/junit/junit/4.12/junit-4.12.jar:/home/jenkins/.m2/repository/org/slf4j/slf4j-api/1.7.25/slf4j-api-1.7.25.jar:/home/jenkins/.m2/repository/org/mockito/mockito-core/2.23.4/mockito-core-2.23.4.jar:/home/jenkins/.m2/repository/net/bytebuddy/byte-buddy/1.9.5/byte-buddy-1.9.5.jar:/home/jenkins/.m2/repository/net/bytebuddy/byte-buddy-agent/1.9.5/byte-buddy-agent-1.9.5.jar:/home/jenkins/.m2/repository/org/springframework/boot/spring-boot-starter-test/2.1.1.RELEASE/spring-boot-starter-test-2.1.1.RELEASE.jar:/home/jenkins/.m2/repository/org/springframework/boot/spring-boot-test/2.1.1.RELEASE/spring-boot-test-2.1.1.RELEASE.jar:/home/jenkins/.m2/repository/org/springframework/boot/spring-boot-test-autoconfigure/2.1.1.RELEASE/spring-boot-test-autoconfigure-2.1.1.RELEASE.jar:/home/jenkins/.m2/repository/com/jayway/jsonpath/json-path/2.4.0/json-path-2.4.0.jar:/home/jenkins/.m2/repository/net/minidev/json-smart/2.3/json-smart-2.3.jar:/home/jenkins/.m2/repository/net/minidev/accessors-smart/1.2/accessors-smart-1.2.jar:/home/jenkins/.m2/repository/org/assertj/assertj-core/3.11.1/assertj-core-3.11.1.jar:/home/jenkins/.m2/repository/org/skyscreamer/jsonassert/1.5.0/jsonassert-1.5.0.jar:/home/jenkins/.m2/repository/com/vaadin/external/google/android-json/0.0.20131108.vaadin1/android-json-0.0.20131108.vaadin1.jar:/home/jenkins/.m2/repository/org/springframework/spring-test/5.1.3.RELEASE/spring-test-5.1.3.RELEASE.jar:/home/jenkins/.m2/repository/org/xmlunit/xmlunit-core/2.6.2/xmlunit-core-2.6.2.jar:"/>
    <property name="gpg.passphrase" value="$7KNH0E%m8SS5WIbd!4nGp4bx!zq*$QrSpdN1MAq86SE#NsP!9"/>
    <property name="java.vm.vendor" value="Oracle Corporation"/>
    <property name="sun.arch.data.model" value="64"/>
    <property name="java.vendor.url" value="http://java.oracle.com/"/>
    <property name="user.timezone" value=""/>
    <property name="java.vm.specification.version" value="1.8"/>
    <property name="os.name" value="Linux"/>
    <property name="user.country" value="US"/>
    <property name="sun.java.launcher" value="SUN_STANDARD"/>
    <property name="sun.boot.library.path" value="/opt/jenkins/data/tools/hudson.model.JDK/jdk8/jdk1.8.0_161/jre/lib/amd64"/>
    <property name="sun.java.command" value="/tmp/releaser77426136284171318/spring-cloud-gcp/spring-cloud-gcp-kotlin-samples/spring-cloud-gcp-kotlin-app-sample/target/surefire/surefirebooter6049662109702098079.jar /tmp/releaser77426136284171318/spring-cloud-gcp/spring-cloud-gcp-kotlin-samples/spring-cloud-gcp-kotlin-app-sample/target/surefire 2019-01-03T17-49-21_902-jvmRun1 surefire1933134564501586673tmp surefire_276604507103853146640tmp"/>
    <property name="surefire.test.class.path" value="/tmp/releaser77426136284171318/spring-cloud-gcp/spring-cloud-gcp-kotlin-samples/spring-cloud-gcp-kotlin-app-sample/target/test-classes:/tmp/releaser77426136284171318/spring-cloud-gcp/spring-cloud-gcp-kotlin-samples/spring-cloud-gcp-kotlin-app-sample/target/classes:/home/jenkins/.m2/repository/org/jetbrains/kotlin/kotlin-reflect/1.2.71/kotlin-reflect-1.2.71.jar:/home/jenkins/.m2/repository/org/springframework/boot/spring-boot-starter-web/2.1.1.RELEASE/spring-boot-starter-web-2.1.1.RELEASE.jar:/home/jenkins/.m2/repository/org/springframework/boot/spring-boot-starter/2.1.1.RELEASE/spring-boot-starter-2.1.1.RELEASE.jar:/home/jenkins/.m2/repository/org/springframework/boot/spring-boot/2.1.1.RELEASE/spring-boot-2.1.1.RELEASE.jar:/home/jenkins/.m2/repository/org/springframework/boot/spring-boot-autoconfigure/2.1.1.RELEASE/spring-boot-autoconfigure-2.1.1.RELEASE.jar:/home/jenkins/.m2/repository/org/springframework/boot/spring-boot-starter-logging/2.1.1.RELEASE/spring-boot-starter-logging-2.1.1.RELEASE.jar:/home/jenkins/.m2/repository/ch/qos/logback/logback-classic/1.2.3/logback-classic-1.2.3.jar:/home/jenkins/.m2/repository/ch/qos/logback/logback-core/1.2.3/logback-core-1.2.3.jar:/home/jenkins/.m2/repository/org/apache/logging/log4j/log4j-to-slf4j/2.11.1/log4j-to-slf4j-2.11.1.jar:/home/jenkins/.m2/repository/org/apache/logging/log4j/log4j-api/2.11.1/log4j-api-2.11.1.jar:/home/jenkins/.m2/repository/org/slf4j/jul-to-slf4j/1.7.25/jul-to-slf4j-1.7.25.jar:/home/jenkins/.m2/repository/javax/annotation/javax.annotation-api/1.3.2/javax.annotation-api-1.3.2.jar:/home/jenkins/.m2/repository/org/yaml/snakeyaml/1.23/snakeyaml-1.23.jar:/home/jenkins/.m2/repository/org/springframework/boot/spring-boot-starter-json/2.1.1.RELEASE/spring-boot-starter-json-2.1.1.RELEASE.jar:/home/jenkins/.m2/repository/com/fasterxml/jackson/core/jackson-databind/2.9.7/jackson-databind-2.9.7.jar:/home/jenkins/.m2/repository/com/fasterxml/jackson/core/jackson-annotations/2.9.0/jackson-annotations-2.9.0.jar:/home/jenkins/.m2/repository/com/fasterxml/jackson/core/jackson-core/2.9.7/jackson-core-2.9.7.jar:/home/jenkins/.m2/repository/com/fasterxml/jackson/datatype/jackson-datatype-jdk8/2.9.7/jackson-datatype-jdk8-2.9.7.jar:/home/jenkins/.m2/repository/com/fasterxml/jackson/datatype/jackson-datatype-jsr310/2.9.7/jackson-datatype-jsr310-2.9.7.jar:/home/jenkins/.m2/repository/com/fasterxml/jackson/module/jackson-module-parameter-names/2.9.7/jackson-module-parameter-names-2.9.7.jar:/home/jenkins/.m2/repository/org/springframework/boot/spring-boot-starter-tomcat/2.1.1.RELEASE/spring-boot-starter-tomcat-2.1.1.RELEASE.jar:/home/jenkins/.m2/repository/org/apache/tomcat/embed/tomcat-embed-core/9.0.13/tomcat-embed-core-9.0.13.jar:/home/jenkins/.m2/repository/org/apache/tomcat/embed/tomcat-embed-el/9.0.13/tomcat-embed-el-9.0.13.jar:/home/jenkins/.m2/repository/org/apache/tomcat/embed/tomcat-embed-websocket/9.0.13/tomcat-embed-websocket-9.0.13.jar:/home/jenkins/.m2/repository/org/hibernate/validator/hibernate-validator/6.0.13.Final/hibernate-validator-6.0.13.Final.jar:/home/jenkins/.m2/repository/javax/validation/validation-api/2.0.1.Final/validation-api-2.0.1.Final.jar:/home/jenkins/.m2/repository/org/jboss/logging/jboss-logging/3.3.2.Final/jboss-logging-3.3.2.Final.jar:/home/jenkins/.m2/repository/com/fasterxml/classmate/1.4.0/classmate-1.4.0.jar:/home/jenkins/.m2/repository/org/springframework/spring-web/5.1.3.RELEASE/spring-web-5.1.3.RELEASE.jar:/home/jenkins/.m2/repository/org/springframework/spring-beans/5.1.3.RELEASE/spring-beans-5.1.3.RELEASE.jar:/home/jenkins/.m2/repository/org/springframework/spring-webmvc/5.1.3.RELEASE/spring-webmvc-5.1.3.RELEASE.jar:/home/jenkins/.m2/repository/org/springframework/spring-expression/5.1.3.RELEASE/spring-expression-5.1.3.RELEASE.jar:/home/jenkins/.m2/repository/org/springframework/boot/spring-boot-starter-data-jpa/2.1.1.RELEASE/spring-boot-starter-data-jpa-2.1.1.RELEASE.jar:/home/jenkins/.m2/repository/org/springframework/boot/spring-boot-starter-aop/2.1.1.RELEASE/spring-boot-starter-aop-2.1.1.RELEASE.jar:/home/jenkins/.m2/repository/org/aspectj/aspectjweaver/1.9.2/aspectjweaver-1.9.2.jar:/home/jenkins/.m2/repository/org/springframework/boot/spring-boot-starter-jdbc/2.1.1.RELEASE/spring-boot-starter-jdbc-2.1.1.RELEASE.jar:/home/jenkins/.m2/repository/com/zaxxer/HikariCP/3.2.0/HikariCP-3.2.0.jar:/home/jenkins/.m2/repository/org/springframework/spring-jdbc/5.1.3.RELEASE/spring-jdbc-5.1.3.RELEASE.jar:/home/jenkins/.m2/repository/javax/transaction/javax.transaction-api/1.3/javax.transaction-api-1.3.jar:/home/jenkins/.m2/repository/javax/xml/bind/jaxb-api/2.3.1/jaxb-api-2.3.1.jar:/home/jenkins/.m2/repository/javax/activation/javax.activation-api/1.2.0/javax.activation-api-1.2.0.jar:/home/jenkins/.m2/repository/org/hibernate/hibernate-core/5.3.7.Final/hibernate-core-5.3.7.Final.jar:/home/jenkins/.m2/repository/javax/persistence/javax.persistence-api/2.2/javax.persistence-api-2.2.jar:/home/jenkins/.m2/repository/org/javassist/javassist/3.23.1-GA/javassist-3.23.1-GA.jar:/home/jenkins/.m2/repository/antlr/antlr/2.7.7/antlr-2.7.7.jar:/home/jenkins/.m2/repository/org/jboss/jandex/2.0.5.Final/jandex-2.0.5.Final.jar:/home/jenkins/.m2/repository/org/dom4j/dom4j/2.1.1/dom4j-2.1.1.jar:/home/jenkins/.m2/repository/org/hibernate/common/hibernate-commons-annotations/5.0.4.Final/hibernate-commons-annotations-5.0.4.Final.jar:/home/jenkins/.m2/repository/org/springframework/data/spring-data-jpa/2.1.3.RELEASE/spring-data-jpa-2.1.3.RELEASE.jar:/home/jenkins/.m2/repository/org/springframework/data/spring-data-commons/2.1.3.RELEASE/spring-data-commons-2.1.3.RELEASE.jar:/home/jenkins/.m2/repository/org/springframework/spring-orm/5.1.3.RELEASE/spring-orm-5.1.3.RELEASE.jar:/home/jenkins/.m2/repository/org/springframework/spring-aspects/5.1.3.RELEASE/spring-aspects-5.1.3.RELEASE.jar:/home/jenkins/.m2/repository/org/springframework/integration/spring-integration-core/5.1.1.RELEASE/spring-integration-core-5.1.1.RELEASE.jar:/home/jenkins/.m2/repository/org/springframework/spring-core/5.1.3.RELEASE/spring-core-5.1.3.RELEASE.jar:/home/jenkins/.m2/repository/org/springframework/spring-jcl/5.1.3.RELEASE/spring-jcl-5.1.3.RELEASE.jar:/home/jenkins/.m2/repository/org/springframework/spring-aop/5.1.3.RELEASE/spring-aop-5.1.3.RELEASE.jar:/home/jenkins/.m2/repository/org/springframework/spring-context/5.1.3.RELEASE/spring-context-5.1.3.RELEASE.jar:/home/jenkins/.m2/repository/org/springframework/spring-messaging/5.1.3.RELEASE/spring-messaging-5.1.3.RELEASE.jar:/home/jenkins/.m2/repository/org/springframework/spring-tx/5.1.3.RELEASE/spring-tx-5.1.3.RELEASE.jar:/home/jenkins/.m2/repository/org/springframework/retry/spring-retry/1.2.2.RELEASE/spring-retry-1.2.2.RELEASE.jar:/home/jenkins/.m2/repository/io/projectreactor/reactor-core/3.2.3.RELEASE/reactor-core-3.2.3.RELEASE.jar:/home/jenkins/.m2/repository/org/reactivestreams/reactive-streams/1.0.2/reactive-streams-1.0.2.jar:/home/jenkins/.m2/repository/org/springframework/boot/spring-boot-starter-thymeleaf/2.1.1.RELEASE/spring-boot-starter-thymeleaf-2.1.1.RELEASE.jar:/home/jenkins/.m2/repository/org/thymeleaf/thymeleaf-spring5/3.0.11.RELEASE/thymeleaf-spring5-3.0.11.RELEASE.jar:/home/jenkins/.m2/repository/org/thymeleaf/thymeleaf/3.0.11.RELEASE/thymeleaf-3.0.11.RELEASE.jar:/home/jenkins/.m2/repository/org/attoparser/attoparser/2.0.5.RELEASE/attoparser-2.0.5.RELEASE.jar:/home/jenkins/.m2/repository/org/unbescape/unbescape/1.1.6.RELEASE/unbescape-1.1.6.RELEASE.jar:/home/jenkins/.m2/repository/org/thymeleaf/extras/thymeleaf-extras-java8time/3.0.2.RELEASE/thymeleaf-extras-java8time-3.0.2.RELEASE.jar:/tmp/releaser77426136284171318/spring-cloud-gcp/spring-cloud-gcp-starters/spring-cloud-gcp-starter-pubsub/target/spring-cloud-gcp-starter-pubsub-1.1.0.BUILD-SNAPSHOT.jar:/tmp/releaser77426136284171318/spring-cloud-gcp/spring-cloud-gcp-starters/spring-cloud-gcp-starter/target/spring-cloud-gcp-starter-1.1.0.BUILD-SNAPSHOT.jar:/tmp/releaser77426136284171318/spring-cloud-gcp/spring-cloud-gcp-core/target/spring-cloud-gcp-core-1.1.0.BUILD-SNAPSHOT.jar:/home/jenkins/.m2/repository/com/google/cloud/google-cloud-core/1.54.0/google-cloud-core-1.54.0.jar:/home/jenkins/.m2/repository/joda-time/joda-time/2.10.1/joda-time-2.10.1.jar:/home/jenkins/.m2/repository/com/google/http-client/google-http-client/1.27.0/google-http-client-1.27.0.jar:/home/jenkins/.m2/repository/org/apache/httpcomponents/httpclient/4.5.6/httpclient-4.5.6.jar:/home/jenkins/.m2/repository/org/apache/httpcomponents/httpcore/4.4.10/httpcore-4.4.10.jar:/home/jenkins/.m2/repository/commons-codec/commons-codec/1.11/commons-codec-1.11.jar:/home/jenkins/.m2/repository/com/google/j2objc/j2objc-annotations/1.1/j2objc-annotations-1.1.jar:/home/jenkins/.m2/repository/com/google/code/findbugs/jsr305/3.0.2/jsr305-3.0.2.jar:/home/jenkins/.m2/repository/com/google/api/api-common/1.7.0/api-common-1.7.0.jar:/home/jenkins/.m2/repository/com/google/api/gax/1.35.0/gax-1.35.0.jar:/home/jenkins/.m2/repository/org/threeten/threetenbp/1.3.3/threetenbp-1.3.3.jar:/home/jenkins/.m2/repository/com/google/auth/google-auth-library-oauth2-http/0.12.0/google-auth-library-oauth2-http-0.12.0.jar:/home/jenkins/.m2/repository/com/google/protobuf/protobuf-java-util/3.6.1/protobuf-java-util-3.6.1.jar:/home/jenkins/.m2/repository/com/google/code/gson/gson/2.8.5/gson-2.8.5.jar:/home/jenkins/.m2/repository/com/google/api/grpc/proto-google-common-protos/1.12.0/proto-google-common-protos-1.12.0.jar:/home/jenkins/.m2/repository/com/google/api/grpc/proto-google-iam-v1/0.12.0/proto-google-iam-v1-0.12.0.jar:/tmp/releaser77426136284171318/spring-cloud-gcp/spring-cloud-gcp-autoconfigure/target/spring-cloud-gcp-autoconfigure-1.1.0.BUILD-SNAPSHOT.jar:/tmp/releaser77426136284171318/spring-cloud-gcp/spring-cloud-gcp-pubsub/target/spring-cloud-gcp-pubsub-1.1.0.BUILD-SNAPSHOT.jar:/home/jenkins/.m2/repository/com/google/cloud/google-cloud-pubsub/1.54.0/google-cloud-pubsub-1.54.0.jar:/home/jenkins/.m2/repository/com/google/cloud/google-cloud-core-grpc/1.54.0/google-cloud-core-grpc-1.54.0.jar:/home/jenkins/.m2/repository/com/google/auth/google-auth-library-credentials/0.12.0/google-auth-library-credentials-0.12.0.jar:/home/jenkins/.m2/repository/com/google/protobuf/protobuf-java/3.6.1/protobuf-java-3.6.1.jar:/home/jenkins/.m2/repository/io/grpc/grpc-protobuf/1.16.1/grpc-protobuf-1.16.1.jar:/home/jenkins/.m2/repository/io/grpc/grpc-protobuf-lite/1.16.1/grpc-protobuf-lite-1.16.1.jar:/home/jenkins/.m2/repository/io/grpc/grpc-context/1.16.1/grpc-context-1.16.1.jar:/home/jenkins/.m2/repository/com/google/api/gax-grpc/1.35.0/gax-grpc-1.35.0.jar:/home/jenkins/.m2/repository/com/google/api/grpc/proto-google-cloud-pubsub-v1/1.36.0/proto-google-cloud-pubsub-v1-1.36.0.jar:/home/jenkins/.m2/repository/com/google/api/grpc/grpc-google-cloud-pubsub-v1/1.36.0/grpc-google-cloud-pubsub-v1-1.36.0.jar:/home/jenkins/.m2/repository/io/grpc/grpc-netty-shaded/1.16.1/grpc-netty-shaded-1.16.1.jar:/home/jenkins/.m2/repository/io/grpc/grpc-core/1.16.1/grpc-core-1.16.1.jar:/home/jenkins/.m2/repository/com/google/errorprone/error_prone_annotations/2.2.0/error_prone_annotations-2.2.0.jar:/home/jenkins/.m2/repository/org/codehaus/mojo/animal-sniffer-annotations/1.17/animal-sniffer-annotations-1.17.jar:/home/jenkins/.m2/repository/io/opencensus/opencensus-api/0.12.3/opencensus-api-0.12.3.jar:/home/jenkins/.m2/repository/io/opencensus/opencensus-contrib-grpc-metrics/0.12.3/opencensus-contrib-grpc-metrics-0.12.3.jar:/home/jenkins/.m2/repository/io/grpc/grpc-stub/1.16.1/grpc-stub-1.16.1.jar:/home/jenkins/.m2/repository/io/grpc/grpc-auth/1.16.1/grpc-auth-1.16.1.jar:/home/jenkins/.m2/repository/com/google/auto/value/auto-value/1.4/auto-value-1.4.jar:/tmp/releaser77426136284171318/spring-cloud-gcp/spring-cloud-gcp-starters/spring-cloud-gcp-starter-sql-mysql/target/spring-cloud-gcp-starter-sql-mysql-1.1.0.BUILD-SNAPSHOT.jar:/home/jenkins/.m2/repository/com/google/cloud/sql/mysql-socket-factory/1.0.11/mysql-socket-factory-1.0.11.jar:/home/jenkins/.m2/repository/com/google/cloud/sql/jdbc-socket-factory-core/1.0.11/jdbc-socket-factory-core-1.0.11.jar:/home/jenkins/.m2/repository/com/google/apis/google-api-services-sqladmin/v1beta4-rev56-1.23.0/google-api-services-sqladmin-v1beta4-rev56-1.23.0.jar:/home/jenkins/.m2/repository/com/google/api-client/google-api-client/1.23.0/google-api-client-1.23.0.jar:/home/jenkins/.m2/repository/com/google/oauth-client/google-oauth-client/1.23.0/google-oauth-client-1.23.0.jar:/home/jenkins/.m2/repository/com/google/http-client/google-http-client-jackson2/1.23.0/google-http-client-jackson2-1.23.0.jar:/home/jenkins/.m2/repository/com/google/guava/guava/20.0/guava-20.0.jar:/home/jenkins/.m2/repository/com/github/jnr/jnr-unixsocket/0.18/jnr-unixsocket-0.18.jar:/home/jenkins/.m2/repository/com/github/jnr/jnr-ffi/2.1.4/jnr-ffi-2.1.4.jar:/home/jenkins/.m2/repository/com/github/jnr/jffi/1.2.15/jffi-1.2.15.jar:/home/jenkins/.m2/repository/com/github/jnr/jffi/1.2.15/jffi-1.2.15-native.jar:/home/jenkins/.m2/repository/org/ow2/asm/asm/5.0.3/asm-5.0.3.jar:/home/jenkins/.m2/repository/org/ow2/asm/asm-commons/5.0.3/asm-commons-5.0.3.jar:/home/jenkins/.m2/repository/org/ow2/asm/asm-analysis/5.0.3/asm-analysis-5.0.3.jar:/home/jenkins/.m2/repository/org/ow2/asm/asm-tree/5.0.3/asm-tree-5.0.3.jar:/home/jenkins/.m2/repository/org/ow2/asm/asm-util/5.0.3/asm-util-5.0.3.jar:/home/jenkins/.m2/repository/com/github/jnr/jnr-x86asm/1.0.2/jnr-x86asm-1.0.2.jar:/home/jenkins/.m2/repository/com/github/jnr/jnr-constants/0.9.8/jnr-constants-0.9.8.jar:/home/jenkins/.m2/repository/com/github/jnr/jnr-enxio/0.16/jnr-enxio-0.16.jar:/home/jenkins/.m2/repository/com/github/jnr/jnr-posix/3.0.35/jnr-posix-3.0.35.jar:/home/jenkins/.m2/repository/mysql/mysql-connector-java/8.0.13/mysql-connector-java-8.0.13.jar:/home/jenkins/.m2/repository/org/jetbrains/kotlin/kotlin-stdlib/1.3.10/kotlin-stdlib-1.3.10.jar:/home/jenkins/.m2/repository/org/jetbrains/kotlin/kotlin-stdlib-common/1.3.10/kotlin-stdlib-common-1.3.10.jar:/home/jenkins/.m2/repository/org/jetbrains/annotations/13.0/annotations-13.0.jar:/home/jenkins/.m2/repository/org/awaitility/awaitility/3.1.2/awaitility-3.1.2.jar:/home/jenkins/.m2/repository/org/hamcrest/hamcrest-library/1.3/hamcrest-library-1.3.jar:/home/jenkins/.m2/repository/org/hamcrest/hamcrest-core/1.3/hamcrest-core-1.3.jar:/home/jenkins/.m2/repository/org/objenesis/objenesis/2.6/objenesis-2.6.jar:/home/jenkins/.m2/repository/junit/junit/4.12/junit-4.12.jar:/home/jenkins/.m2/repository/org/slf4j/slf4j-api/1.7.25/slf4j-api-1.7.25.jar:/home/jenkins/.m2/repository/org/mockito/mockito-core/2.23.4/mockito-core-2.23.4.jar:/home/jenkins/.m2/repository/net/bytebuddy/byte-buddy/1.9.5/byte-buddy-1.9.5.jar:/home/jenkins/.m2/repository/net/bytebuddy/byte-buddy-agent/1.9.5/byte-buddy-agent-1.9.5.jar:/home/jenkins/.m2/repository/org/springframework/boot/spring-boot-starter-test/2.1.1.RELEASE/spring-boot-starter-test-2.1.1.RELEASE.jar:/home/jenkins/.m2/repository/org/springframework/boot/spring-boot-test/2.1.1.RELEASE/spring-boot-test-2.1.1.RELEASE.jar:/home/jenkins/.m2/repository/org/springframework/boot/spring-boot-test-autoconfigure/2.1.1.RELEASE/spring-boot-test-autoconfigure-2.1.1.RELEASE.jar:/home/jenkins/.m2/repository/com/jayway/jsonpath/json-path/2.4.0/json-path-2.4.0.jar:/home/jenkins/.m2/repository/net/minidev/json-smart/2.3/json-smart-2.3.jar:/home/jenkins/.m2/repository/net/minidev/accessors-smart/1.2/accessors-smart-1.2.jar:/home/jenkins/.m2/repository/org/assertj/assertj-core/3.11.1/assertj-core-3.11.1.jar:/home/jenkins/.m2/repository/org/skyscreamer/jsonassert/1.5.0/jsonassert-1.5.0.jar:/home/jenkins/.m2/repository/com/vaadin/external/google/android-json/0.0.20131108.vaadin1/android-json-0.0.20131108.vaadin1.jar:/home/jenkins/.m2/repository/org/springframework/spring-test/5.1.3.RELEASE/spring-test-5.1.3.RELEASE.jar:/home/jenkins/.m2/repository/org/xmlunit/xmlunit-core/2.6.2/xmlunit-core-2.6.2.jar:"/>
    <property name="sun.cpu.endian" value="little"/>
    <property name="user.home" value="/home/jenkins"/>
    <property name="user.language" value="en"/>
    <property name="java.specification.vendor" value="Oracle Corporation"/>
    <property name="java.home" value="/opt/jenkins/data/tools/hudson.model.JDK/jdk8/jdk1.8.0_161/jre"/>
    <property name="basedir" value="/tmp/releaser77426136284171318/spring-cloud-gcp/spring-cloud-gcp-kotlin-samples/spring-cloud-gcp-kotlin-app-sample"/>
    <property name="file.separator" value="/"/>
    <property name="line.separator" value="&#10;"/>
    <property name="java.vm.specification.vendor" value="Oracle Corporation"/>
    <property name="java.specification.name" value="Java Platform API Specification"/>
    <property name="java.awt.graphicsenv" value="sun.awt.X11GraphicsEnvironment"/>
    <property name="surefire.real.class.path" value="/tmp/releaser77426136284171318/spring-cloud-gcp/spring-cloud-gcp-kotlin-samples/spring-cloud-gcp-kotlin-app-sample/target/surefire/surefirebooter6049662109702098079.jar"/>
    <property name="gpg.publicKeyring" value="/opt/jenkins/data/workspace/spring-cloud-meta-releaser@tmp/secretFiles/89735467-4c90-4ab1-8532-a71bc7ba3180/pubring.gpg"/>
    <property name="sun.boot.class.path" value="/opt/jenkins/data/tools/hudson.model.JDK/jdk8/jdk1.8.0_161/jre/lib/resources.jar:/opt/jenkins/data/tools/hudson.model.JDK/jdk8/jdk1.8.0_161/jre/lib/rt.jar:/opt/jenkins/data/tools/hudson.model.JDK/jdk8/jdk1.8.0_161/jre/lib/sunrsasign.jar:/opt/jenkins/data/tools/hudson.model.JDK/jdk8/jdk1.8.0_161/jre/lib/jsse.jar:/opt/jenkins/data/tools/hudson.model.JDK/jdk8/jdk1.8.0_161/jre/lib/jce.jar:/opt/jenkins/data/tools/hudson.model.JDK/jdk8/jdk1.8.0_161/jre/lib/charsets.jar:/opt/jenkins/data/tools/hudson.model.JDK/jdk8/jdk1.8.0_161/jre/lib/jfr.jar:/opt/jenkins/data/tools/hudson.model.JDK/jdk8/jdk1.8.0_161/jre/classes"/>
    <property name="sun.management.compiler" value="HotSpot 64-Bit Tiered Compilers"/>
    <property name="java.runtime.version" value="1.8.0_161-b12"/>
    <property name="user.name" value="jenkins"/>
    <property name="path.separator" value=":"/>
    <property name="os.version" value="3.13.0-162-generic"/>
    <property name="java.endorsed.dirs" value="/opt/jenkins/data/tools/hudson.model.JDK/jdk8/jdk1.8.0_161/jre/lib/endorsed"/>
    <property name="java.runtime.name" value="Java(TM) SE Runtime Environment"/>
    <property name="altSnapshotDeploymentRepository" value="repo.spring.io::default::https://repo.spring.io/libs-snapshot-local"/>
    <property name="file.encoding" value="UTF-8"/>
    <property name="java.vm.name" value="Java HotSpot(TM) 64-Bit Server VM"/>
    <property name="localRepository" value="/home/jenkins/.m2/repository"/>
    <property name="java.vendor.url.bug" value="http://bugreport.sun.com/bugreport/"/>
    <property name="java.io.tmpdir" value="/tmp"/>
    <property name="java.version" value="1.8.0_161"/>
    <property name="user.dir" value="/tmp/releaser77426136284171318/spring-cloud-gcp/spring-cloud-gcp-kotlin-samples/spring-cloud-gcp-kotlin-app-sample"/>
    <property name="os.arch" value="amd64"/>
    <property name="java.vm.specification.name" value="Java Virtual Machine Specification"/>
    <property name="java.awt.printerjob" value="sun.print.PSPrinterJob"/>
    <property name="sun.os.patch.level" value="unknown"/>
    <property name="SONATYPE_USER" value="lKxqmLaP"/>
    <property name="java.library.path" value="/usr/java/packages/lib/amd64:/usr/lib64:/lib64:/lib:/usr/lib"/>
    <property name="java.vm.info" value="mixed mode"/>
    <property name="java.vendor" value="Oracle Corporation"/>
    <property name="java.vm.version" value="25.161-b12"/>
    <property name="gpg.secretKeyring" value="/opt/jenkins/data/workspace/spring-cloud-meta-releaser@tmp/secretFiles/251393e5-4fba-4622-a440-60acbcce754f/secring.gpg"/>
    <property name="java.ext.dirs" value="/opt/jenkins/data/tools/hudson.model.JDK/jdk8/jdk1.8.0_161/jre/lib/ext:/usr/java/packages/lib/ext"/>
    <property name="sun.io.unicode.encoding" value="UnicodeLittle"/>
    <property name="java.class.version" value="52.0"/>
  </properties>
  <testcase name="com.example.RegistrationApplicationTests" classname="com.example.RegistrationApplicationTests" time="0">
    <skipped message="Kotlin Sample app tests are disabled. Please use &apos;-Dit.kotlin=true&apos; to enable them.: got: null, expected: is &quot;true&quot;"/>
    <system-out><![CDATA[17:52:04.688 [main] DEBUG org.springframework.test.context.junit4.SpringJUnit4ClassRunner - SpringJUnit4ClassRunner constructor called with [class com.example.RegistrationApplicationTests]
17:52:04.695 [main] DEBUG org.springframework.test.context.BootstrapUtils - Instantiating CacheAwareContextLoaderDelegate from class [org.springframework.test.context.cache.DefaultCacheAwareContextLoaderDelegate]
17:52:04.702 [main] DEBUG org.springframework.test.context.BootstrapUtils - Instantiating BootstrapContext using constructor [public org.springframework.test.context.support.DefaultBootstrapContext(java.lang.Class,org.springframework.test.context.CacheAwareContextLoaderDelegate)]
17:52:04.721 [main] DEBUG org.springframework.test.context.BootstrapUtils - Instantiating TestContextBootstrapper for test class [com.example.RegistrationApplicationTests] from class [org.springframework.boot.test.context.SpringBootTestContextBootstrapper]
17:52:04.731 [main] INFO org.springframework.boot.test.context.SpringBootTestContextBootstrapper - Neither @ContextConfiguration nor @ContextHierarchy found for test class [com.example.RegistrationApplicationTests], using SpringBootContextLoader
17:52:04.734 [main] DEBUG org.springframework.test.context.support.AbstractContextLoader - Did not detect default resource location for test class [com.example.RegistrationApplicationTests]: class path resource [com/example/RegistrationApplicationTests-context.xml] does not exist
17:52:04.734 [main] DEBUG org.springframework.test.context.support.AbstractContextLoader - Did not detect default resource location for test class [com.example.RegistrationApplicationTests]: class path resource [com/example/RegistrationApplicationTestsContext.groovy] does not exist
17:52:04.735 [main] INFO org.springframework.test.context.support.AbstractContextLoader - Could not detect default resource locations for test class [com.example.RegistrationApplicationTests]: no resource found for suffixes {-context.xml, Context.groovy}.
17:52:04.778 [main] DEBUG org.springframework.test.context.support.ActiveProfilesUtils - Could not find an 'annotation declaring class' for annotation type [org.springframework.test.context.ActiveProfiles] and class [com.example.RegistrationApplicationTests]
17:52:04.889 [main] DEBUG org.springframework.boot.test.context.SpringBootTestContextBootstrapper - @TestExecutionListeners is not present for class [com.example.RegistrationApplicationTests]: using defaults.
17:52:04.890 [main] INFO org.springframework.boot.test.context.SpringBootTestContextBootstrapper - Loaded default TestExecutionListener class names from location [META-INF/spring.factories]: [org.springframework.boot.test.mock.mockito.MockitoTestExecutionListener, org.springframework.boot.test.mock.mockito.ResetMocksTestExecutionListener, org.springframework.boot.test.autoconfigure.restdocs.RestDocsTestExecutionListener, org.springframework.boot.test.autoconfigure.web.client.MockRestServiceServerResetTestExecutionListener, org.springframework.boot.test.autoconfigure.web.servlet.MockMvcPrintOnlyOnFailureTestExecutionListener, org.springframework.boot.test.autoconfigure.web.servlet.WebDriverTestExecutionListener, org.springframework.test.context.web.ServletTestExecutionListener, org.springframework.test.context.support.DirtiesContextBeforeModesTestExecutionListener, org.springframework.test.context.support.DependencyInjectionTestExecutionListener, org.springframework.test.context.support.DirtiesContextTestExecutionListener, org.springframework.test.context.transaction.TransactionalTestExecutionListener, org.springframework.test.context.jdbc.SqlScriptsTestExecutionListener]
17:52:04.905 [main] INFO org.springframework.boot.test.context.SpringBootTestContextBootstrapper - Using TestExecutionListeners: [org.springframework.test.context.web.ServletTestExecutionListener@3e96bacf, org.springframework.test.context.support.DirtiesContextBeforeModesTestExecutionListener@484970b0, org.springframework.boot.test.mock.mockito.MockitoTestExecutionListener@4470f8a6, org.springframework.boot.test.autoconfigure.SpringBootDependencyInjectionTestExecutionListener@7c83dc97, org.springframework.test.context.support.DirtiesContextTestExecutionListener@7748410a, org.springframework.test.context.transaction.TransactionalTestExecutionListener@740773a3, org.springframework.test.context.jdbc.SqlScriptsTestExecutionListener@37f1104d, org.springframework.boot.test.mock.mockito.ResetMocksTestExecutionListener@55740540, org.springframework.boot.test.autoconfigure.restdocs.RestDocsTestExecutionListener@60015ef5, org.springframework.boot.test.autoconfigure.web.client.MockRestServiceServerResetTestExecutionListener@2f54a33d, org.springframework.boot.test.autoconfigure.web.servlet.MockMvcPrintOnlyOnFailureTestExecutionListener@1018bde2, org.springframework.boot.test.autoconfigure.web.servlet.WebDriverTestExecutionListener@65b3f4a4]
17:52:04.909 [main] DEBUG org.springframework.test.annotation.ProfileValueUtils - Retrieved @ProfileValueSourceConfiguration [null] for test class [com.example.RegistrationApplicationTests]
17:52:04.910 [main] DEBUG org.springframework.test.annotation.ProfileValueUtils - Retrieved ProfileValueSource type [class org.springframework.test.annotation.SystemProfileValueSource] for class [com.example.RegistrationApplicationTests]
17:52:04.911 [main] DEBUG org.springframework.test.annotation.ProfileValueUtils - Retrieved @ProfileValueSourceConfiguration [null] for test class [com.example.RegistrationApplicationTests]
17:52:04.912 [main] DEBUG org.springframework.test.annotation.ProfileValueUtils - Retrieved ProfileValueSource type [class org.springframework.test.annotation.SystemProfileValueSource] for class [com.example.RegistrationApplicationTests]
17:52:04.913 [main] DEBUG org.springframework.test.annotation.ProfileValueUtils - Retrieved @ProfileValueSourceConfiguration [null] for test class [com.example.RegistrationApplicationTests]
17:52:04.913 [main] DEBUG org.springframework.test.annotation.ProfileValueUtils - Retrieved ProfileValueSource type [class org.springframework.test.annotation.SystemProfileValueSource] for class [com.example.RegistrationApplicationTests]
17:52:04.916 [main] DEBUG org.springframework.test.context.support.AbstractDirtiesContextTestExecutionListener - Before test class: context [DefaultTestContext@41c2284a testClass = RegistrationApplicationTests, testInstance = [null], testMethod = [null], testException = [null], mergedContextConfiguration = [WebMergedContextConfiguration@53aad5d5 testClass = RegistrationApplicationTests, locations = '{}', classes = '{class com.example.app.Application, class com.example.app.Application}', contextInitializerClasses = '[]', activeProfiles = '{}', propertySourceLocations = '{}', propertySourceProperties = '{spring.datasource.password=test, spring.cloud.gcp.sql.instance-connection-name=spring-cloud-gcp-ci:us-central1:testmysql, spring.cloud.gcp.sql.database-name=code_samples_test_db, spring.test.mockmvc.print=none, org.springframework.boot.test.context.SpringBootTestContextBootstrapper=true, server.port=0}', contextCustomizers = set[[ImportsContextCustomizer@46fa7c39 key = [org.springframework.boot.test.autoconfigure.web.servlet.MockMvcAutoConfiguration, org.springframework.boot.test.autoconfigure.web.servlet.MockMvcSecurityAutoConfiguration, org.springframework.boot.test.autoconfigure.web.servlet.MockMvcWebClientAutoConfiguration, org.springframework.boot.test.autoconfigure.web.servlet.MockMvcWebDriverAutoConfiguration]], org.springframework.boot.test.context.filter.ExcludeFilterContextCustomizer@58134517, org.springframework.boot.test.json.DuplicateJsonObjectContextCustomizerFactory$DuplicateJsonObjectContextCustomizer@77e4c80f, org.springframework.boot.test.mock.mockito.MockitoContextCustomizer@0, org.springframework.boot.test.web.client.TestRestTemplateContextCustomizer@77e9807f, org.springframework.boot.test.autoconfigure.properties.PropertyMappingContextCustomizer@e7e8512, org.springframework.boot.test.autoconfigure.web.servlet.WebDriverContextCustomizerFactory$Customizer@52aa2946], resourceBasePath = 'src/main/webapp', contextLoader = 'org.springframework.boot.test.context.SpringBootContextLoader', parent = [null]], attributes = map['org.springframework.test.context.web.ServletTestExecutionListener.activateListener' -> false]], class annotated with @DirtiesContext [false] with mode [null].
17:52:04.923 [main] DEBUG org.springframework.test.context.support.AbstractDirtiesContextTestExecutionListener - After test class: context [DefaultTestContext@41c2284a testClass = RegistrationApplicationTests, testInstance = [null], testMethod = [null], testException = [null], mergedContextConfiguration = [WebMergedContextConfiguration@53aad5d5 testClass = RegistrationApplicationTests, locations = '{}', classes = '{class com.example.app.Application, class com.example.app.Application}', contextInitializerClasses = '[]', activeProfiles = '{}', propertySourceLocations = '{}', propertySourceProperties = '{spring.datasource.password=test, spring.cloud.gcp.sql.instance-connection-name=spring-cloud-gcp-ci:us-central1:testmysql, spring.cloud.gcp.sql.database-name=code_samples_test_db, spring.test.mockmvc.print=none, org.springframework.boot.test.context.SpringBootTestContextBootstrapper=true, server.port=0}', contextCustomizers = set[[ImportsContextCustomizer@46fa7c39 key = [org.springframework.boot.test.autoconfigure.web.servlet.MockMvcAutoConfiguration, org.springframework.boot.test.autoconfigure.web.servlet.MockMvcSecurityAutoConfiguration, org.springframework.boot.test.autoconfigure.web.servlet.MockMvcWebClientAutoConfiguration, org.springframework.boot.test.autoconfigure.web.servlet.MockMvcWebDriverAutoConfiguration]], org.springframework.boot.test.context.filter.ExcludeFilterContextCustomizer@58134517, org.springframework.boot.test.json.DuplicateJsonObjectContextCustomizerFactory$DuplicateJsonObjectContextCustomizer@77e4c80f, org.springframework.boot.test.mock.mockito.MockitoContextCustomizer@0, org.springframework.boot.test.web.client.TestRestTemplateContextCustomizer@77e9807f, org.springframework.boot.test.autoconfigure.properties.PropertyMappingContextCustomizer@e7e8512, org.springframework.boot.test.autoconfigure.web.servlet.WebDriverContextCustomizerFactory$Customizer@52aa2946], resourceBasePath = 'src/main/webapp', contextLoader = 'org.springframework.boot.test.context.SpringBootContextLoader', parent = [null]], attributes = map['org.springframework.test.context.web.ServletTestExecutionListener.activateListener' -> false]], class annotated with @DirtiesContext [false] with mode [null].
]]></system-out>
  </testcase>
</testsuite>